     *** ECHO OF THE INPUT DATA STARTS ***

PIPE: ELASTIC PLAIN STRAIN UNDER INTERNAL PRESSURE                              
2 1 0 0                                                                         
1 8 0 0                                                                         
10 53                                                                           
1 3 8 6 2 5 7 4                                                                 
6 8 13 11 7 10 12 9                                                             
11 13 18 16 12 15 17 14                                                         
16 18 23 21 17 20 22 19                                                         
21 23 28 26 22 25 27 24                                                         
26 28 33 31 27 30 32 29                                                         
31 33 38 36 32 35 37 34                                                         
36 38 43 41 37 40 42 39                                                         
41 43 48 46 42 45 47 44                                                         
46 48 53 51 47 50 52 49                                                         
6.00000000 0.00000000 6.50000000 0.00000000 7.00000000 0.00000000 5.98150400 0.4
6                                                                               
1 2 2 2 3 2 51 1 52 1 53 1                                                      
0   0   0   0   0   0   0   0                                                   
42                                                                              
1 1 1 2 4 1 4 2 6 1 6 2 9 1 9 2 11 1 11 2 14 1 14 2 16 1 16 2 19 1 19 2 21 1 21 
1040.65256650 0.00000000 4149.77832776 326.59463734 1027.84040654 162.79392753 4
0                                                                               
31000000.0 31000000.0 0.3 11923076.9 1.0                                        
0 0 0                                                                           
     **** ECHO OF THE INPUT DATA ENDS ****

PIPE: ELASTIC PLAIN STRAIN UNDER INTERNAL PRESSURE                              
  ______________________________________________________________________

            OUTPUT  from  program *** FEM2D *** by J. N. REDDY
  ______________________________________________________________________


                A  2-D  ELASTICITY   PROBLEM  IS  ANALYZED

     MATERIAL PROPERTIES OF THE SOLID ANALYZED:

        Thickness of the body, THKNS ............=  0.1000E+01
        Modulus of elasticity, E1 ...............=  0.3100E+08
        Modulus of elasticity, E2 ...............=  0.3100E+08
        Poisson s ratio, ANU12 ..................=  0.3000E+00
        Shear modulus, G12 ......................=  0.1192E+08
         **PLANE STRAIN assumption is selected by user**


     CONTINUOUS SOURCE COEFFICIENTS:

        Coefficient, F0  ........................=  0.0000E+00
        Coefficient, FX  ........................=  0.0000E+00
        Coefficient, FY  ........................=  0.0000E+00


        ******* A STEADY-STATE PROBLEM is analyzed *******

        *** A mesh of QUADRILATERALS is chosen by user ***

     FINITE ELEMENT MESH INFORMATION:

        Element type: 0 = Triangle; >0 = Quad.)..=   1
        Number of nodes per element, NPE ........=   8
        No. of primary deg. of freedom/node, NDF =   2
        Number of elements in the mesh, NEM .....=  10
        Number of nodes in the mesh, NNM ........=  53
        Number of equations to be solved, NEQ ...= 106
        Half bandwidth of the matrix GLK, NHBW ..=  16
        No. of specified PRIMARY variables, NSPV =   6
        No. of speci.  SECONDARY variables, NSSV =  42

      Node  DOF     Value

         1   1   0.10407E+04
         1   2   0.00000E+00
         4   1   0.41498E+04
         4   2   0.32659E+03
         6   1   0.10278E+04
         6   2   0.16279E+03
         9   1   0.40476E+04
         9   2   0.97174E+03
        11   1   0.98972E+03
        11   2   0.32158E+03
        14   1   0.38458E+04
        14   2   0.15930E+04
        16   1   0.92723E+03
        16   2   0.47245E+03
        19   1   0.35492E+04
        19   2   0.21750E+04
        21   1   0.84191E+03
        21   2   0.61168E+03
        24   1   0.31653E+04
        24   2   0.27034E+04
        26   1   0.73585E+03
        26   2   0.73585E+03
        29   1   0.27034E+04
        29   2   0.31653E+04
        31   1   0.61168E+03
        31   2   0.84191E+03
        34   1   0.21750E+04
        34   2   0.35492E+04
        36   1   0.47245E+03
        36   2   0.92723E+03
        39   1   0.15930E+04
        39   2   0.38458E+04
        41   1   0.32158E+03
        41   2   0.98972E+03
        44   1   0.97174E+03
        44   2   0.40476E+04
        46   1   0.16279E+03
        46   2   0.10278E+04
        49   1   0.32659E+03
        49   2   0.41498E+04
        51   1   0.00000E+00
        51   2   0.10407E+04
  ______________________________________________________________________

     Node   x-coord.   y-coord.    Speci. primary & secondary variables
                                      (0, unspecified; >0, specified)
                                         Primary DOF  Secondary DOF
  ______________________________________________________________________

       1  0.6000E+01  0.0000E+00            0    2        1    2
       2  0.6500E+01  0.0000E+00            0    2        0    0
       3  0.7000E+01  0.0000E+00            0    2        0    0
       4  0.5982E+01  0.4708E+00            0    0        1    2
       5  0.6978E+01  0.5492E+00            0    0        0    0
       6  0.5926E+01  0.9386E+00            0    0        1    2
       7  0.6420E+01  0.1017E+01            0    0        0    0
       8  0.6914E+01  0.1095E+01            0    0        0    0
       9  0.5834E+01  0.1401E+01            0    0        1    2
      10  0.6807E+01  0.1634E+01            0    0        0    0
      11  0.5706E+01  0.1854E+01            0    0        1    2
      12  0.6182E+01  0.2009E+01            0    0        0    0
      13  0.6657E+01  0.2163E+01            0    0        0    0
      14  0.5543E+01  0.2296E+01            0    0        1    2
      15  0.6467E+01  0.2679E+01            0    0        0    0
      16  0.5346E+01  0.2724E+01            0    0        1    2
      17  0.5792E+01  0.2951E+01            0    0        0    0
      18  0.6237E+01  0.3178E+01            0    0        0    0
      19  0.5116E+01  0.3135E+01            0    0        1    2
      20  0.5968E+01  0.3657E+01            0    0        0    0
      21  0.4854E+01  0.3527E+01            0    0        1    2
      22  0.5259E+01  0.3821E+01            0    0        0    0
      23  0.5663E+01  0.4114E+01            0    0        0    0
      24  0.4562E+01  0.3897E+01            0    0        1    2
      25  0.5323E+01  0.4546E+01            0    0        0    0
      26  0.4243E+01  0.4243E+01            0    0        1    2
      27  0.4596E+01  0.4596E+01            0    0        0    0
      28  0.4950E+01  0.4950E+01            0    0        0    0
      29  0.3897E+01  0.4562E+01            0    0        1    2
      30  0.4546E+01  0.5323E+01            0    0        0    0
      31  0.3527E+01  0.4854E+01            0    0        1    2
      32  0.3821E+01  0.5259E+01            0    0        0    0
      33  0.4114E+01  0.5663E+01            0    0        0    0
      34  0.3135E+01  0.5116E+01            0    0        1    2
      35  0.3657E+01  0.5968E+01            0    0        0    0
      36  0.2724E+01  0.5346E+01            0    0        1    2
      37  0.2951E+01  0.5792E+01            0    0        0    0
      38  0.3178E+01  0.6237E+01            0    0        0    0
      39  0.2296E+01  0.5543E+01            0    0        1    2
      40  0.2679E+01  0.6467E+01            0    0        0    0
      41  0.1854E+01  0.5706E+01            0    0        1    2
      42  0.2009E+01  0.6182E+01            0    0        0    0
      43  0.2163E+01  0.6657E+01            0    0        0    0
      44  0.1401E+01  0.5834E+01            0    0        1    2
      45  0.1634E+01  0.6807E+01            0    0        0    0
      46  0.9386E+00  0.5926E+01            0    0        1    2
      47  0.1017E+01  0.6420E+01            0    0        0    0
      48  0.1095E+01  0.6914E+01            0    0        0    0
      49  0.4708E+00  0.5982E+01            0    0        1    2
      50  0.5492E+00  0.6978E+01            0    0        0    0
      51  0.0000E+00  0.6000E+01            1    0        1    2
      52  0.0000E+00  0.6500E+01            1    0        0    0
      53  0.0000E+00  0.7000E+01            1    0        0    0
  ______________________________________________________________________


     NUMERICAL INTEGRATION DATA:

        Full quadrature (IPDF x IPDF) rule, IPDF =   3
        Reduced quadrature (IPDR x IPDR),   IPDR =   2
        Quadrature rule used in postproc.,  ISTR =   2


     S O L U T I O N :

  _____________________________________________________________________________

     Node    x-coord.      y-coord.     Value of u   Value of v
  _____________________________________________________________________________

       1   0.60000E+01   0.00000E+00   0.75782E-02   0.00000E+00
       2   0.65000E+01   0.00000E+00   0.73022E-02   0.00000E+00
       3   0.70000E+01   0.00000E+00   0.70641E-02   0.00000E+00
       4   0.59815E+01   0.47075E+00   0.75165E-02   0.47631E-03
       5   0.69784E+01   0.54921E+00   0.69925E-02   0.57013E-03
       6   0.59261E+01   0.93861E+00   0.73229E-02   0.94799E-03
       7   0.64200E+01   0.10168E+01   0.70496E-02   0.10240E-02
       8   0.69138E+01   0.10950E+01   0.68142E-02   0.11046E-02
       9   0.58342E+01   0.14007E+01   0.71127E-02   0.14281E-02
      10   0.68066E+01   0.16341E+01   0.65453E-02   0.15955E-02
      11   0.57063E+01   0.18541E+01   0.67882E-02   0.18859E-02
      12   0.61819E+01   0.20086E+01   0.64853E-02   0.19562E-02
      13   0.66574E+01   0.21631E+01   0.62371E-02   0.20443E-02
      14   0.55433E+01   0.22961E+01   0.64746E-02   0.23518E-02
      15   0.64672E+01   0.26788E+01   0.58813E-02   0.24457E-02
      16   0.53460E+01   0.27239E+01   0.60773E-02   0.27822E-02
      17   0.57915E+01   0.29509E+01   0.57722E-02   0.27853E-02
      18   0.62370E+01   0.31779E+01   0.55267E-02   0.28190E-02
      19   0.51158E+01   0.31350E+01   0.57131E-02   0.32297E-02
      20   0.59685E+01   0.36575E+01   0.51564E-02   0.31584E-02
      21   0.48541E+01   0.35267E+01   0.52867E-02   0.36371E-02
      22   0.52586E+01   0.38206E+01   0.50177E-02   0.35420E-02
      23   0.56631E+01   0.41145E+01   0.48085E-02   0.34904E-02
      24   0.45624E+01   0.38967E+01   0.49020E-02   0.40742E-02
      25   0.53228E+01   0.45461E+01   0.44586E-02   0.38055E-02
      26   0.42426E+01   0.42426E+01   0.44683E-02   0.44683E-02
      27   0.45962E+01   0.45962E+01   0.42743E-02   0.42743E-02
      28   0.49497E+01   0.49497E+01   0.41340E-02   0.41340E-02
      29   0.38967E+01   0.45624E+01   0.40742E-02   0.49020E-02
      30   0.45461E+01   0.53228E+01   0.38055E-02   0.44586E-02
      31   0.35267E+01   0.48541E+01   0.36371E-02   0.52867E-02
      32   0.38206E+01   0.52586E+01   0.35420E-02   0.50177E-02
      33   0.41145E+01   0.56631E+01   0.34904E-02   0.48085E-02
      34   0.31350E+01   0.51158E+01   0.32297E-02   0.57131E-02
      35   0.36575E+01   0.59685E+01   0.31584E-02   0.51564E-02
      36   0.27239E+01   0.53460E+01   0.27822E-02   0.60773E-02
      37   0.29509E+01   0.57915E+01   0.27853E-02   0.57722E-02
      38   0.31779E+01   0.62370E+01   0.28190E-02   0.55267E-02
      39   0.22961E+01   0.55433E+01   0.23518E-02   0.64746E-02
      40   0.26788E+01   0.64672E+01   0.24457E-02   0.58813E-02
      41   0.18541E+01   0.57063E+01   0.18859E-02   0.67882E-02
      42   0.20086E+01   0.61819E+01   0.19562E-02   0.64853E-02
      43   0.21631E+01   0.66574E+01   0.20443E-02   0.62371E-02
      44   0.14007E+01   0.58342E+01   0.14281E-02   0.71127E-02
      45   0.16341E+01   0.68066E+01   0.15955E-02   0.65453E-02
      46   0.93861E+00   0.59261E+01   0.94799E-03   0.73229E-02
      47   0.10168E+01   0.64200E+01   0.10240E-02   0.70496E-02
      48   0.10950E+01   0.69138E+01   0.11046E-02   0.68142E-02
      49   0.47075E+00   0.59815E+01   0.47631E-03   0.75165E-02
      50   0.54921E+00   0.69784E+01   0.57013E-03   0.69925E-02
      51   0.00000E+00   0.60000E+01   0.00000E+00   0.75782E-02
      52   0.00000E+00   0.65000E+01   0.00000E+00   0.73022E-02
      53   0.00000E+00   0.70000E+01   0.00000E+00   0.70641E-02
  _____________________________________________________________________________

  _________________________________________________________________

     x-coord.     y-coord.     sigma-x      sigma-y     sigma-xy
  _________________________________________________________________

   0.6208E+01   0.2063E+00  -0.5209E+04   0.3245E+05  -0.1443E+04
   0.6164E+01   0.7673E+00  -0.3291E+04   0.3263E+05  -0.5607E+04
   0.6785E+01   0.2255E+00  -0.1234E+04   0.3476E+05  -0.1428E+04
   0.6737E+01   0.8387E+00  -0.2557E+03   0.3333E+05  -0.4717E+04
   0.6099E+01   0.1175E+01  -0.2792E+04   0.3287E+05  -0.6974E+04
   0.5968E+01   0.1722E+01  -0.6033E+03   0.3143E+05  -0.1123E+05
   0.6666E+01   0.1284E+01   0.1966E+03   0.3189E+05  -0.6769E+04
   0.6523E+01   0.1882E+01   0.1807E+04   0.2985E+05  -0.9205E+04
   0.5840E+01   0.2115E+01   0.2685E+03   0.3108E+05  -0.1250E+05
   0.5625E+01   0.2634E+01   0.3805E+04   0.2819E+05  -0.1598E+05
   0.6383E+01   0.2311E+01   0.3055E+04   0.2804E+05  -0.1081E+05
   0.6148E+01   0.2879E+01   0.5089E+04   0.2556E+05  -0.1261E+05
   0.5438E+01   0.3002E+01   0.5067E+04   0.2731E+05  -0.1695E+05
   0.5144E+01   0.3482E+01   0.9482E+04   0.2326E+05  -0.1925E+05
   0.5943E+01   0.3281E+01   0.6737E+04   0.2351E+05  -0.1372E+05
   0.5622E+01   0.3806E+01   0.9190E+04   0.2081E+05  -0.1480E+05
   0.4901E+01   0.3816E+01   0.1094E+05   0.2199E+05  -0.1978E+05
   0.4536E+01   0.4244E+01   0.1580E+05   0.1727E+05  -0.2058E+05
   0.5357E+01   0.4171E+01   0.1113E+05   0.1867E+05  -0.1536E+05
   0.4957E+01   0.4638E+01   0.1381E+05   0.1591E+05  -0.1572E+05
   0.4244E+01   0.4536E+01   0.1727E+05   0.1580E+05  -0.2058E+05
   0.3816E+01   0.4901E+01   0.2199E+05   0.1094E+05  -0.1978E+05
   0.4638E+01   0.4957E+01   0.1591E+05   0.1381E+05  -0.1572E+05
   0.4171E+01   0.5357E+01   0.1867E+05   0.1113E+05  -0.1536E+05
   0.3482E+01   0.5144E+01   0.2326E+05   0.9482E+04  -0.1925E+05
   0.3002E+01   0.5438E+01   0.2731E+05   0.5067E+04  -0.1695E+05
   0.3806E+01   0.5622E+01   0.2081E+05   0.9190E+04  -0.1480E+05
   0.3281E+01   0.5943E+01   0.2351E+05   0.6737E+04  -0.1372E+05
   0.2634E+01   0.5625E+01   0.2819E+05   0.3805E+04  -0.1598E+05
   0.2115E+01   0.5840E+01   0.3108E+05   0.2685E+03  -0.1250E+05
   0.2879E+01   0.6148E+01   0.2556E+05   0.5089E+04  -0.1261E+05
   0.2311E+01   0.6383E+01   0.2804E+05   0.3055E+04  -0.1081E+05
   0.1722E+01   0.5968E+01   0.3143E+05  -0.6033E+03  -0.1123E+05
   0.1175E+01   0.6099E+01   0.3287E+05  -0.2792E+04  -0.6974E+04
   0.1882E+01   0.6523E+01   0.2985E+05   0.1807E+04  -0.9205E+04
   0.1284E+01   0.6666E+01   0.3189E+05   0.1966E+03  -0.6769E+04
   0.7673E+00   0.6164E+01   0.3263E+05  -0.3291E+04  -0.5607E+04
   0.2063E+00   0.6208E+01   0.3245E+05  -0.5209E+04  -0.1443E+04
   0.8387E+00   0.6737E+01   0.3333E+05  -0.2557E+03  -0.4717E+04
   0.2255E+00   0.6785E+01   0.3476E+05  -0.1234E+04  -0.1428E+04
  _________________________________________________________________

Stop - Program terminated.
