     *** ECHO OF THE INPUT DATA STARTS ***

PIPE: ELASTIC PLAIN STRAIN UNDER INTERNAL PRESSURE                              
2 1 0 0                                                                         
1 8 0 0                                                                         
20 85                                                                           
1 3 11 9 2 7 10 6                                                               
3 5 13 11 4 8 12 7                                                              
9 11 19 17 10 15 18 14                                                          
11 13 21 19 12 16 20 15                                                         
17 19 27 25 18 23 26 22                                                         
19 21 29 27 20 24 28 23                                                         
25 27 35 33 26 31 34 30                                                         
27 29 37 35 28 32 36 31                                                         
33 35 43 41 34 39 42 38                                                         
35 37 45 43 36 40 44 39                                                         
41 43 51 49 42 47 50 46                                                         
43 45 53 51 44 48 52 47                                                         
49 51 59 57 50 55 58 54                                                         
51 53 61 59 52 56 60 55                                                         
57 59 67 65 58 63 66 62                                                         
59 61 69 67 60 64 68 63                                                         
65 67 75 73 66 71 74 70                                                         
67 69 77 75 68 72 76 71                                                         
73 75 83 81 74 79 82 78                                                         
75 77 85 83 76 80 84 79                                                         
6.00000000 0.00000000 6.25000000 0.00000000 6.50000000 0.00000000 6.75000000 0.0
10                                                                              
1 2 2 2 3 2 4 2 5 2 81 1 82 1 83 1 84 1 85 1                                    
0   0   0   0   0   0   0   0   0   0   0   0                                   
42                                                                              
1 1 1 2 6 1 6 2 9 1 9 2 14 1 14 2 17 1 17 2 22 1 22 2 25 1 25 2 30 1 30 2 33 1 3
1040.65256650 0.00000000 4149.77832776 326.59463734 1027.84040654 162.79392753 4
0                                                                               
31000000.0 31000000.0 0.3 11923076.9 1.0                                        
0 0 0                                                                           
     **** ECHO OF THE INPUT DATA ENDS ****

PIPE: ELASTIC PLAIN STRAIN UNDER INTERNAL PRESSURE                              
  ______________________________________________________________________

            OUTPUT  from  program *** FEM2D *** by J. N. REDDY
  ______________________________________________________________________


                A  2-D  ELASTICITY   PROBLEM  IS  ANALYZED

     MATERIAL PROPERTIES OF THE SOLID ANALYZED:

        Thickness of the body, THKNS ............=  0.1000E+01
        Modulus of elasticity, E1 ...............=  0.3100E+08
        Modulus of elasticity, E2 ...............=  0.3100E+08
        Poisson s ratio, ANU12 ..................=  0.3000E+00
        Shear modulus, G12 ......................=  0.1192E+08
         **PLANE STRAIN assumption is selected by user**


     CONTINUOUS SOURCE COEFFICIENTS:

        Coefficient, F0  ........................=  0.0000E+00
        Coefficient, FX  ........................=  0.0000E+00
        Coefficient, FY  ........................=  0.0000E+00


        ******* A STEADY-STATE PROBLEM is analyzed *******

        *** A mesh of QUADRILATERALS is chosen by user ***

     FINITE ELEMENT MESH INFORMATION:

        Element type: 0 = Triangle; >0 = Quad.)..=   1
        Number of nodes per element, NPE ........=   8
        No. of primary deg. of freedom/node, NDF =   2
        Number of elements in the mesh, NEM .....=  20
        Number of nodes in the mesh, NNM ........=  85
        Number of equations to be solved, NEQ ...= 170
        Half bandwidth of the matrix GLK, NHBW ..=  22
        No. of specified PRIMARY variables, NSPV =  10
        No. of speci.  SECONDARY variables, NSSV =  42

      Node  DOF     Value

         1   1   0.10407E+04
         1   2   0.00000E+00
         6   1   0.41498E+04
         6   2   0.32659E+03
         9   1   0.10278E+04
         9   2   0.16279E+03
        14   1   0.40476E+04
        14   2   0.97174E+03
        17   1   0.98972E+03
        17   2   0.32158E+03
        22   1   0.38458E+04
        22   2   0.15930E+04
        25   1   0.92723E+03
        25   2   0.47245E+03
        30   1   0.35492E+04
        30   2   0.21750E+04
        33   1   0.84191E+03
        33   2   0.61168E+03
        38   1   0.31653E+04
        38   2   0.27034E+04
        41   1   0.73585E+03
        41   2   0.73585E+03
        46   1   0.27034E+04
        46   2   0.31653E+04
        49   1   0.61168E+03
        49   2   0.84191E+03
        54   1   0.21750E+04
        54   2   0.35492E+04
        57   1   0.47245E+03
        57   2   0.92723E+03
        62   1   0.15930E+04
        62   2   0.38458E+04
        65   1   0.32158E+03
        65   2   0.98972E+03
        70   1   0.97174E+03
        70   2   0.40476E+04
        73   1   0.16279E+03
        73   2   0.10278E+04
        78   1   0.32659E+03
        78   2   0.41498E+04
        81   1   0.00000E+00
        81   2   0.10407E+04
  ______________________________________________________________________

     Node   x-coord.   y-coord.    Speci. primary & secondary variables
                                      (0, unspecified; >0, specified)
                                         Primary DOF  Secondary DOF
  ______________________________________________________________________

       1  0.6000E+01  0.0000E+00            0    2        1    2
       2  0.6250E+01  0.0000E+00            0    2        0    0
       3  0.6500E+01  0.0000E+00            0    2        0    0
       4  0.6750E+01  0.0000E+00            0    2        0    0
       5  0.7000E+01  0.0000E+00            0    2        0    0
       6  0.5982E+01  0.4708E+00            0    0        1    2
       7  0.6480E+01  0.5100E+00            0    0        0    0
       8  0.6978E+01  0.5492E+00            0    0        0    0
       9  0.5926E+01  0.9386E+00            0    0        1    2
      10  0.6173E+01  0.9777E+00            0    0        0    0
      11  0.6420E+01  0.1017E+01            0    0        0    0
      12  0.6667E+01  0.1056E+01            0    0        0    0
      13  0.6914E+01  0.1095E+01            0    0        0    0
      14  0.5834E+01  0.1401E+01            0    0        1    2
      15  0.6320E+01  0.1517E+01            0    0        0    0
      16  0.6807E+01  0.1634E+01            0    0        0    0
      17  0.5706E+01  0.1854E+01            0    0        1    2
      18  0.5944E+01  0.1931E+01            0    0        0    0
      19  0.6182E+01  0.2009E+01            0    0        0    0
      20  0.6420E+01  0.2086E+01            0    0        0    0
      21  0.6657E+01  0.2163E+01            0    0        0    0
      22  0.5543E+01  0.2296E+01            0    0        1    2
      23  0.6005E+01  0.2487E+01            0    0        0    0
      24  0.6467E+01  0.2679E+01            0    0        0    0
      25  0.5346E+01  0.2724E+01            0    0        1    2
      26  0.5569E+01  0.2837E+01            0    0        0    0
      27  0.5792E+01  0.2951E+01            0    0        0    0
      28  0.6014E+01  0.3064E+01            0    0        0    0
      29  0.6237E+01  0.3178E+01            0    0        0    0
      30  0.5116E+01  0.3135E+01            0    0        1    2
      31  0.5542E+01  0.3396E+01            0    0        0    0
      32  0.5968E+01  0.3657E+01            0    0        0    0
      33  0.4854E+01  0.3527E+01            0    0        1    2
      34  0.5056E+01  0.3674E+01            0    0        0    0
      35  0.5259E+01  0.3821E+01            0    0        0    0
      36  0.5461E+01  0.3968E+01            0    0        0    0
      37  0.5663E+01  0.4114E+01            0    0        0    0
      38  0.4562E+01  0.3897E+01            0    0        1    2
      39  0.4943E+01  0.4221E+01            0    0        0    0
      40  0.5323E+01  0.4546E+01            0    0        0    0
      41  0.4243E+01  0.4243E+01            0    0        1    2
      42  0.4419E+01  0.4419E+01            0    0        0    0
      43  0.4596E+01  0.4596E+01            0    0        0    0
      44  0.4773E+01  0.4773E+01            0    0        0    0
      45  0.4950E+01  0.4950E+01            0    0        0    0
      46  0.3897E+01  0.4562E+01            0    0        1    2
      47  0.4221E+01  0.4943E+01            0    0        0    0
      48  0.4546E+01  0.5323E+01            0    0        0    0
      49  0.3527E+01  0.4854E+01            0    0        1    2
      50  0.3674E+01  0.5056E+01            0    0        0    0
      51  0.3821E+01  0.5259E+01            0    0        0    0
      52  0.3968E+01  0.5461E+01            0    0        0    0
      53  0.4114E+01  0.5663E+01            0    0        0    0
      54  0.3135E+01  0.5116E+01            0    0        1    2
      55  0.3396E+01  0.5542E+01            0    0        0    0
      56  0.3657E+01  0.5968E+01            0    0        0    0
      57  0.2724E+01  0.5346E+01            0    0        1    2
      58  0.2837E+01  0.5569E+01            0    0        0    0
      59  0.2951E+01  0.5792E+01            0    0        0    0
      60  0.3064E+01  0.6014E+01            0    0        0    0
      61  0.3178E+01  0.6237E+01            0    0        0    0
      62  0.2296E+01  0.5543E+01            0    0        1    2
      63  0.2487E+01  0.6005E+01            0    0        0    0
      64  0.2679E+01  0.6467E+01            0    0        0    0
      65  0.1854E+01  0.5706E+01            0    0        1    2
      66  0.1931E+01  0.5944E+01            0    0        0    0
      67  0.2009E+01  0.6182E+01            0    0        0    0
      68  0.2086E+01  0.6420E+01            0    0        0    0
      69  0.2163E+01  0.6657E+01            0    0        0    0
      70  0.1401E+01  0.5834E+01            0    0        1    2
      71  0.1517E+01  0.6320E+01            0    0        0    0
      72  0.1634E+01  0.6807E+01            0    0        0    0
      73  0.9386E+00  0.5926E+01            0    0        1    2
      74  0.9777E+00  0.6173E+01            0    0        0    0
      75  0.1017E+01  0.6420E+01            0    0        0    0
      76  0.1056E+01  0.6667E+01            0    0        0    0
      77  0.1095E+01  0.6914E+01            0    0        0    0
      78  0.4708E+00  0.5982E+01            0    0        1    2
      79  0.5100E+00  0.6480E+01            0    0        0    0
      80  0.5492E+00  0.6978E+01            0    0        0    0
      81  0.0000E+00  0.6000E+01            1    0        1    2
      82  0.0000E+00  0.6250E+01            1    0        0    0
      83  0.0000E+00  0.6500E+01            1    0        0    0
      84  0.0000E+00  0.6750E+01            1    0        0    0
      85  0.0000E+00  0.7000E+01            1    0        0    0
  ______________________________________________________________________


     NUMERICAL INTEGRATION DATA:

        Full quadrature (IPDF x IPDF) rule, IPDF =   3
        Reduced quadrature (IPDR x IPDR),   IPDR =   2
        Quadrature rule used in postproc.,  ISTR =   2


     S O L U T I O N :

  _____________________________________________________________________________

     Node    x-coord.      y-coord.     Value of u   Value of v
  _____________________________________________________________________________

       1   0.60000E+01   0.00000E+00   0.75870E-02   0.00000E+00
       2   0.62500E+01   0.00000E+00   0.74459E-02   0.00000E+00
       3   0.65000E+01   0.00000E+00   0.73147E-02   0.00000E+00
       4   0.67500E+01   0.00000E+00   0.71885E-02   0.00000E+00
       5   0.70000E+01   0.00000E+00   0.70711E-02   0.00000E+00
       6   0.59815E+01   0.47075E+00   0.75276E-02   0.47348E-03
       7   0.64800E+01   0.50998E+00   0.72435E-02   0.52342E-03
       8   0.69784E+01   0.54921E+00   0.70036E-02   0.57035E-03
       9   0.59261E+01   0.93861E+00   0.73257E-02   0.94321E-03
      10   0.61731E+01   0.97772E+00   0.71874E-02   0.98657E-03
      11   0.64200E+01   0.10168E+01   0.70606E-02   0.10234E-02
      12   0.66669E+01   0.10559E+01   0.69347E-02   0.10620E-02
      13   0.69138E+01   0.10950E+01   0.68163E-02   0.11085E-02
      14   0.58342E+01   0.14007E+01   0.71199E-02   0.14251E-02
      15   0.63204E+01   0.15174E+01   0.68063E-02   0.15044E-02
      16   0.68066E+01   0.16341E+01   0.65510E-02   0.15973E-02
      17   0.57063E+01   0.18541E+01   0.67843E-02   0.18806E-02
      18   0.59441E+01   0.19314E+01   0.66299E-02   0.19181E-02
      19   0.61819E+01   0.20086E+01   0.64924E-02   0.19563E-02
      20   0.64196E+01   0.20859E+01   0.63569E-02   0.19956E-02
      21   0.66574E+01   0.21631E+01   0.62323E-02   0.20427E-02
      22   0.55433E+01   0.22961E+01   0.64776E-02   0.23488E-02
      23   0.60052E+01   0.24874E+01   0.61463E-02   0.23834E-02
      24   0.64672E+01   0.26788E+01   0.58828E-02   0.24459E-02
      25   0.53460E+01   0.27239E+01   0.60708E-02   0.27752E-02
      26   0.55688E+01   0.28374E+01   0.59139E-02   0.27772E-02
      27   0.57915E+01   0.29509E+01   0.57754E-02   0.27849E-02
      28   0.60143E+01   0.30644E+01   0.56412E-02   0.27952E-02
      29   0.62370E+01   0.31779E+01   0.55190E-02   0.28149E-02
      30   0.51158E+01   0.31350E+01   0.57131E-02   0.32265E-02
      31   0.55422E+01   0.33962E+01   0.53992E-02   0.31705E-02
      32   0.59685E+01   0.36575E+01   0.51552E-02   0.31571E-02
      33   0.48541E+01   0.35267E+01   0.52784E-02   0.36289E-02
      34   0.50564E+01   0.36737E+01   0.51395E-02   0.35796E-02
      35   0.52586E+01   0.38206E+01   0.50185E-02   0.35413E-02
      36   0.54609E+01   0.39676E+01   0.49028E-02   0.35071E-02
      37   0.56631E+01   0.41145E+01   0.47994E-02   0.34836E-02
      38   0.45624E+01   0.38967E+01   0.49000E-02   0.40713E-02
      39   0.49426E+01   0.42214E+01   0.46452E-02   0.39092E-02
      40   0.53228E+01   0.45461E+01   0.44561E-02   0.38031E-02
      41   0.42426E+01   0.42426E+01   0.44596E-02   0.44596E-02
      42   0.44194E+01   0.44194E+01   0.43590E-02   0.43590E-02
      43   0.45962E+01   0.45962E+01   0.42738E-02   0.42738E-02
      44   0.47730E+01   0.47730E+01   0.41936E-02   0.41936E-02
      45   0.49497E+01   0.49497E+01   0.41253E-02   0.41253E-02
      46   0.38967E+01   0.45624E+01   0.40713E-02   0.49000E-02
      47   0.42214E+01   0.49426E+01   0.39092E-02   0.46452E-02
      48   0.45461E+01   0.53228E+01   0.38031E-02   0.44561E-02
      49   0.35267E+01   0.48541E+01   0.36289E-02   0.52784E-02
      50   0.36737E+01   0.50564E+01   0.35796E-02   0.51395E-02
      51   0.38206E+01   0.52586E+01   0.35413E-02   0.50185E-02
      52   0.39676E+01   0.54609E+01   0.35071E-02   0.49028E-02
      53   0.41145E+01   0.56631E+01   0.34836E-02   0.47994E-02
      54   0.31350E+01   0.51158E+01   0.32265E-02   0.57131E-02
      55   0.33962E+01   0.55422E+01   0.31705E-02   0.53992E-02
      56   0.36575E+01   0.59685E+01   0.31571E-02   0.51552E-02
      57   0.27239E+01   0.53460E+01   0.27752E-02   0.60708E-02
      58   0.28374E+01   0.55688E+01   0.27772E-02   0.59139E-02
      59   0.29509E+01   0.57915E+01   0.27849E-02   0.57754E-02
      60   0.30644E+01   0.60143E+01   0.27952E-02   0.56412E-02
      61   0.31779E+01   0.62370E+01   0.28149E-02   0.55190E-02
      62   0.22961E+01   0.55433E+01   0.23488E-02   0.64776E-02
      63   0.24874E+01   0.60052E+01   0.23834E-02   0.61463E-02
      64   0.26788E+01   0.64672E+01   0.24459E-02   0.58828E-02
      65   0.18541E+01   0.57063E+01   0.18806E-02   0.67843E-02
      66   0.19314E+01   0.59441E+01   0.19181E-02   0.66299E-02
      67   0.20086E+01   0.61819E+01   0.19563E-02   0.64924E-02
      68   0.20859E+01   0.64196E+01   0.19956E-02   0.63569E-02
      69   0.21631E+01   0.66574E+01   0.20427E-02   0.62323E-02
      70   0.14007E+01   0.58342E+01   0.14251E-02   0.71199E-02
      71   0.15174E+01   0.63204E+01   0.15044E-02   0.68063E-02
      72   0.16341E+01   0.68066E+01   0.15973E-02   0.65510E-02
      73   0.93861E+00   0.59261E+01   0.94321E-03   0.73257E-02
      74   0.97772E+00   0.61731E+01   0.98657E-03   0.71874E-02
      75   0.10168E+01   0.64200E+01   0.10234E-02   0.70606E-02
      76   0.10559E+01   0.66669E+01   0.10620E-02   0.69347E-02
      77   0.10950E+01   0.69138E+01   0.11085E-02   0.68163E-02
      78   0.47075E+00   0.59815E+01   0.47348E-03   0.75276E-02
      79   0.50998E+00   0.64800E+01   0.52342E-03   0.72435E-02
      80   0.54921E+00   0.69784E+01   0.57035E-03   0.70036E-02
      81   0.00000E+00   0.60000E+01   0.00000E+00   0.75870E-02
      82   0.00000E+00   0.62500E+01   0.00000E+00   0.74459E-02
      83   0.00000E+00   0.65000E+01   0.00000E+00   0.73147E-02
      84   0.00000E+00   0.67500E+01   0.00000E+00   0.71885E-02
      85   0.00000E+00   0.70000E+01   0.00000E+00   0.70711E-02
  _____________________________________________________________________________

  _________________________________________________________________

     x-coord.     y-coord.     sigma-x      sigma-y     sigma-xy
  _________________________________________________________________

   0.6102E+01   0.2028E+00  -0.6139E+04   0.3191E+05  -0.1317E+04
   0.6059E+01   0.7543E+00  -0.3781E+04   0.3261E+05  -0.5675E+04
   0.6391E+01   0.2124E+00  -0.3931E+04   0.3331E+05  -0.1517E+04
   0.6345E+01   0.7899E+00  -0.2145E+04   0.3282E+05  -0.5337E+04
   0.6602E+01   0.2194E+00  -0.2345E+04   0.3408E+05  -0.1566E+04
   0.6555E+01   0.8160E+00  -0.1287E+04   0.3287E+05  -0.5072E+04
   0.6891E+01   0.2290E+00  -0.5760E+03   0.3511E+05  -0.1348E+04
   0.6842E+01   0.8517E+00   0.2000E+03   0.3360E+05  -0.4555E+04
   0.5995E+01   0.1155E+01  -0.3625E+04   0.3321E+05  -0.6730E+04
   0.5866E+01   0.1693E+01  -0.1111E+04   0.3182E+05  -0.1162E+05
   0.6279E+01   0.1210E+01  -0.1792E+04   0.3231E+05  -0.7260E+04
   0.6144E+01   0.1773E+01   0.2479E+03   0.3083E+05  -0.1054E+05
   0.6486E+01   0.1250E+01  -0.4264E+03   0.3214E+05  -0.7084E+04
   0.6347E+01   0.1831E+01   0.1084E+04   0.3028E+05  -0.9833E+04
   0.6770E+01   0.1304E+01   0.6754E+03   0.3186E+05  -0.6409E+04
   0.6624E+01   0.1911E+01   0.2155E+04   0.2963E+05  -0.8877E+04
   0.5741E+01   0.2079E+01  -0.4912E+03   0.3189E+05  -0.1265E+05
   0.5529E+01   0.2590E+01   0.3531E+04   0.2873E+05  -0.1671E+05
   0.6012E+01   0.2177E+01   0.1449E+04   0.2986E+05  -0.1212E+05
   0.5791E+01   0.2712E+01   0.4242E+04   0.2730E+05  -0.1479E+05
   0.6211E+01   0.2249E+01   0.2384E+04   0.2877E+05  -0.1149E+05
   0.5982E+01   0.2802E+01   0.4715E+04   0.2634E+05  -0.1358E+05
   0.6483E+01   0.2347E+01   0.3313E+04   0.2772E+05  -0.1036E+05
   0.6243E+01   0.2924E+01   0.5302E+04   0.2512E+05  -0.1211E+05
   0.5345E+01   0.2951E+01   0.4501E+04   0.2828E+05  -0.1752E+05
   0.5056E+01   0.3423E+01   0.9576E+04   0.2371E+05  -0.2022E+05
   0.5598E+01   0.3091E+01   0.5858E+04   0.2581E+05  -0.1595E+05
   0.5295E+01   0.3585E+01   0.9334E+04   0.2250E+05  -0.1767E+05
   0.5783E+01   0.3193E+01   0.6449E+04   0.2448E+05  -0.1476E+05
   0.5470E+01   0.3703E+01   0.9244E+04   0.2160E+05  -0.1607E+05
   0.6036E+01   0.3332E+01   0.6800E+04   0.2308E+05  -0.1310E+05
   0.5709E+01   0.3865E+01   0.9190E+04   0.2033E+05  -0.1414E+05
   0.4818E+01   0.3751E+01   0.1071E+05   0.2283E+05  -0.2068E+05
   0.4458E+01   0.4172E+01   0.1630E+05   0.1742E+05  -0.2162E+05
   0.5045E+01   0.3928E+01   0.1122E+05   0.2069E+05  -0.1828E+05
   0.4669E+01   0.4369E+01   0.1501E+05   0.1695E+05  -0.1888E+05
   0.5212E+01   0.4058E+01   0.1125E+05   0.1952E+05  -0.1668E+05
   0.4823E+01   0.4513E+01   0.1431E+05   0.1644E+05  -0.1712E+05
   0.5440E+01   0.4235E+01   0.1097E+05   0.1828E+05  -0.1463E+05
   0.5034E+01   0.4710E+01   0.1359E+05   0.1554E+05  -0.1497E+05
   0.4172E+01   0.4458E+01   0.1742E+05   0.1630E+05  -0.2162E+05
   0.3751E+01   0.4818E+01   0.2283E+05   0.1071E+05  -0.2068E+05
   0.4369E+01   0.4669E+01   0.1695E+05   0.1501E+05  -0.1888E+05
   0.3928E+01   0.5045E+01   0.2069E+05   0.1122E+05  -0.1828E+05
   0.4513E+01   0.4823E+01   0.1644E+05   0.1431E+05  -0.1712E+05
   0.4058E+01   0.5212E+01   0.1952E+05   0.1125E+05  -0.1668E+05
   0.4710E+01   0.5034E+01   0.1554E+05   0.1359E+05  -0.1497E+05
   0.4235E+01   0.5440E+01   0.1828E+05   0.1097E+05  -0.1463E+05
   0.3423E+01   0.5056E+01   0.2371E+05   0.9576E+04  -0.2022E+05
   0.2951E+01   0.5345E+01   0.2828E+05   0.4501E+04  -0.1752E+05
   0.3585E+01   0.5295E+01   0.2250E+05   0.9334E+04  -0.1767E+05
   0.3091E+01   0.5598E+01   0.2581E+05   0.5858E+04  -0.1595E+05
   0.3703E+01   0.5470E+01   0.2160E+05   0.9244E+04  -0.1607E+05
   0.3193E+01   0.5783E+01   0.2448E+05   0.6449E+04  -0.1476E+05
   0.3865E+01   0.5709E+01   0.2033E+05   0.9190E+04  -0.1414E+05
   0.3332E+01   0.6036E+01   0.2308E+05   0.6800E+04  -0.1310E+05
   0.2590E+01   0.5529E+01   0.2873E+05   0.3531E+04  -0.1671E+05
   0.2079E+01   0.5741E+01   0.3189E+05  -0.4912E+03  -0.1265E+05
   0.2712E+01   0.5791E+01   0.2730E+05   0.4242E+04  -0.1479E+05
   0.2177E+01   0.6012E+01   0.2986E+05   0.1449E+04  -0.1212E+05
   0.2802E+01   0.5982E+01   0.2634E+05   0.4715E+04  -0.1358E+05
   0.2249E+01   0.6211E+01   0.2877E+05   0.2384E+04  -0.1149E+05
   0.2924E+01   0.6243E+01   0.2512E+05   0.5302E+04  -0.1211E+05
   0.2347E+01   0.6483E+01   0.2772E+05   0.3313E+04  -0.1036E+05
   0.1693E+01   0.5866E+01   0.3182E+05  -0.1111E+04  -0.1162E+05
   0.1155E+01   0.5995E+01   0.3321E+05  -0.3625E+04  -0.6730E+04
   0.1773E+01   0.6144E+01   0.3083E+05   0.2479E+03  -0.1054E+05
   0.1210E+01   0.6279E+01   0.3231E+05  -0.1792E+04  -0.7260E+04
   0.1831E+01   0.6347E+01   0.3028E+05   0.1084E+04  -0.9833E+04
   0.1250E+01   0.6486E+01   0.3214E+05  -0.4264E+03  -0.7084E+04
   0.1911E+01   0.6624E+01   0.2963E+05   0.2155E+04  -0.8877E+04
   0.1304E+01   0.6770E+01   0.3186E+05   0.6754E+03  -0.6409E+04
   0.7543E+00   0.6059E+01   0.3261E+05  -0.3781E+04  -0.5675E+04
   0.2028E+00   0.6102E+01   0.3191E+05  -0.6139E+04  -0.1317E+04
   0.7899E+00   0.6345E+01   0.3282E+05  -0.2145E+04  -0.5337E+04
   0.2124E+00   0.6391E+01   0.3331E+05  -0.3931E+04  -0.1517E+04
   0.8160E+00   0.6555E+01   0.3287E+05  -0.1287E+04  -0.5072E+04
   0.2194E+00   0.6602E+01   0.3408E+05  -0.2345E+04  -0.1566E+04
   0.8517E+00   0.6842E+01   0.3360E+05   0.2000E+03  -0.4555E+04
   0.2290E+00   0.6891E+01   0.3511E+05  -0.5760E+03  -0.1348E+04
  _________________________________________________________________

Stop - Program terminated.
