     *** ECHO OF THE INPUT DATA STARTS ***

PIPE: ELASTIC PLAIN STRAIN UNDER INTERNAL PRESSURE                              
2 1 0 0                                                                         
1 8 0 0                                                                         
30 117                                                                          
1 3 14 12 2 9 13 8                                                              
3 5 16 14 4 10 15 9                                                             
5 7 18 16 6 11 17 10                                                            
12 14 25 23 13 20 24 19                                                         
14 16 27 25 15 21 26 20                                                         
16 18 29 27 17 22 28 21                                                         
23 25 36 34 24 31 35 30                                                         
25 27 38 36 26 32 37 31                                                         
27 29 40 38 28 33 39 32                                                         
34 36 47 45 35 42 46 41                                                         
36 38 49 47 37 43 48 42                                                         
38 40 51 49 39 44 50 43                                                         
45 47 58 56 46 53 57 52                                                         
47 49 60 58 48 54 59 53                                                         
49 51 62 60 50 55 61 54                                                         
56 58 69 67 57 64 68 63                                                         
58 60 71 69 59 65 70 64                                                         
60 62 73 71 61 66 72 65                                                         
67 69 80 78 68 75 79 74                                                         
69 71 82 80 70 76 81 75                                                         
71 73 84 82 72 77 83 76                                                         
78 80 91 89 79 86 90 85                                                         
80 82 93 91 81 87 92 86                                                         
82 84 95 93 83 88 94 87                                                         
89 91 102 100 90 97 101 96                                                      
91 93 104 102 92 98 103 97                                                      
93 95 106 104 94 99 105 98                                                      
100 102 113 111 101 108 112 107                                                 
102 104 115 113 103 109 114 108                                                 
104 106 117 115 105 110 116 109                                                 
6.00000000 0.00000000 6.16666667 0.00000000 6.33333333 0.00000000 6.50000000 0.0
14                                                                              
1 2 2 2 3 2 4 2 5 2 6 2 7 2 111 1 112 1 113 1 114 1 115 1 116 1 117 1           
0   0   0   0   0   0   0   0   0   0   0   0   0   0   0   0                   
42                                                                              
1 1 1 2 8 1 8 2 12 1 12 2 19 1 19 2 23 1 23 2 30 1 30 2 34 1 34 2 41 1 41 2 45 1
1040.65256650 0.00000000 4149.77832776 326.59463734 1027.84040654 162.79392753 4
0                                                                               
31000000.0 31000000.0 0.3 11923076.9 1.0                                        
0 0 0                                                                           
     **** ECHO OF THE INPUT DATA ENDS ****

PIPE: ELASTIC PLAIN STRAIN UNDER INTERNAL PRESSURE                              
  ______________________________________________________________________

            OUTPUT  from  program *** FEM2D *** by J. N. REDDY
  ______________________________________________________________________


                A  2-D  ELASTICITY   PROBLEM  IS  ANALYZED

     MATERIAL PROPERTIES OF THE SOLID ANALYZED:

        Thickness of the body, THKNS ............=  0.1000E+01
        Modulus of elasticity, E1 ...............=  0.3100E+08
        Modulus of elasticity, E2 ...............=  0.3100E+08
        Poisson s ratio, ANU12 ..................=  0.3000E+00
        Shear modulus, G12 ......................=  0.1192E+08
         **PLANE STRAIN assumption is selected by user**


     CONTINUOUS SOURCE COEFFICIENTS:

        Coefficient, F0  ........................=  0.0000E+00
        Coefficient, FX  ........................=  0.0000E+00
        Coefficient, FY  ........................=  0.0000E+00


        ******* A STEADY-STATE PROBLEM is analyzed *******

        *** A mesh of QUADRILATERALS is chosen by user ***

     FINITE ELEMENT MESH INFORMATION:

        Element type: 0 = Triangle; >0 = Quad.)..=   1
        Number of nodes per element, NPE ........=   8
        No. of primary deg. of freedom/node, NDF =   2
        Number of elements in the mesh, NEM .....=  30
        Number of nodes in the mesh, NNM ........= 117
        Number of equations to be solved, NEQ ...= 234
        Half bandwidth of the matrix GLK, NHBW ..=  28
        No. of specified PRIMARY variables, NSPV =  14
        No. of speci.  SECONDARY variables, NSSV =  42

      Node  DOF     Value

         1   1   0.10407E+04
         1   2   0.00000E+00
         8   1   0.41498E+04
         8   2   0.32659E+03
        12   1   0.10278E+04
        12   2   0.16279E+03
        19   1   0.40476E+04
        19   2   0.97174E+03
        23   1   0.98972E+03
        23   2   0.32158E+03
        30   1   0.38458E+04
        30   2   0.15930E+04
        34   1   0.92723E+03
        34   2   0.47245E+03
        41   1   0.35492E+04
        41   2   0.21750E+04
        45   1   0.84191E+03
        45   2   0.61168E+03
        52   1   0.31653E+04
        52   2   0.27034E+04
        56   1   0.73585E+03
        56   2   0.73585E+03
        63   1   0.27034E+04
        63   2   0.31653E+04
        67   1   0.61168E+03
        67   2   0.84191E+03
        74   1   0.21750E+04
        74   2   0.35492E+04
        78   1   0.47245E+03
        78   2   0.92723E+03
        85   1   0.15930E+04
        85   2   0.38458E+04
        89   1   0.32158E+03
        89   2   0.98972E+03
        96   1   0.97174E+03
        96   2   0.40476E+04
       100   1   0.16279E+03
       100   2   0.10278E+04
       107   1   0.32659E+03
       107   2   0.41498E+04
       111   1   0.00000E+00
       111   2   0.10407E+04
  ______________________________________________________________________

     Node   x-coord.   y-coord.    Speci. primary & secondary variables
                                      (0, unspecified; >0, specified)
                                         Primary DOF  Secondary DOF
  ______________________________________________________________________

       1  0.6000E+01  0.0000E+00            0    2        1    2
       2  0.6167E+01  0.0000E+00            0    2        0    0
       3  0.6333E+01  0.0000E+00            0    2        0    0
       4  0.6500E+01  0.0000E+00            0    2        0    0
       5  0.6667E+01  0.0000E+00            0    2        0    0
       6  0.6833E+01  0.0000E+00            0    2        0    0
       7  0.7000E+01  0.0000E+00            0    2        0    0
       8  0.5982E+01  0.4708E+00            0    0        1    2
       9  0.6314E+01  0.4969E+00            0    0        0    0
      10  0.6646E+01  0.5231E+00            0    0        0    0
      11  0.6978E+01  0.5492E+00            0    0        0    0
      12  0.5926E+01  0.9386E+00            0    0        1    2
      13  0.6091E+01  0.9647E+00            0    0        0    0
      14  0.6255E+01  0.9908E+00            0    0        0    0
      15  0.6420E+01  0.1017E+01            0    0        0    0
      16  0.6585E+01  0.1043E+01            0    0        0    0
      17  0.6749E+01  0.1069E+01            0    0        0    0
      18  0.6914E+01  0.1095E+01            0    0        0    0
      19  0.5834E+01  0.1401E+01            0    0        1    2
      20  0.6158E+01  0.1478E+01            0    0        0    0
      21  0.6482E+01  0.1556E+01            0    0        0    0
      22  0.6807E+01  0.1634E+01            0    0        0    0
      23  0.5706E+01  0.1854E+01            0    0        1    2
      24  0.5865E+01  0.1906E+01            0    0        0    0
      25  0.6023E+01  0.1957E+01            0    0        0    0
      26  0.6182E+01  0.2009E+01            0    0        0    0
      27  0.6340E+01  0.2060E+01            0    0        0    0
      28  0.6499E+01  0.2112E+01            0    0        0    0
      29  0.6657E+01  0.2163E+01            0    0        0    0
      30  0.5543E+01  0.2296E+01            0    0        1    2
      31  0.5851E+01  0.2424E+01            0    0        0    0
      32  0.6159E+01  0.2551E+01            0    0        0    0
      33  0.6467E+01  0.2679E+01            0    0        0    0
      34  0.5346E+01  0.2724E+01            0    0        1    2
      35  0.5495E+01  0.2800E+01            0    0        0    0
      36  0.5643E+01  0.2875E+01            0    0        0    0
      37  0.5792E+01  0.2951E+01            0    0        0    0
      38  0.5940E+01  0.3027E+01            0    0        0    0
      39  0.6089E+01  0.3102E+01            0    0        0    0
      40  0.6237E+01  0.3178E+01            0    0        0    0
      41  0.5116E+01  0.3135E+01            0    0        1    2
      42  0.5400E+01  0.3309E+01            0    0        0    0
      43  0.5684E+01  0.3483E+01            0    0        0    0
      44  0.5968E+01  0.3657E+01            0    0        0    0
      45  0.4854E+01  0.3527E+01            0    0        1    2
      46  0.4989E+01  0.3625E+01            0    0        0    0
      47  0.5124E+01  0.3723E+01            0    0        0    0
      48  0.5259E+01  0.3821E+01            0    0        0    0
      49  0.5393E+01  0.3919E+01            0    0        0    0
      50  0.5528E+01  0.4017E+01            0    0        0    0
      51  0.5663E+01  0.4114E+01            0    0        0    0
      52  0.4562E+01  0.3897E+01            0    0        1    2
      53  0.4816E+01  0.4113E+01            0    0        0    0
      54  0.5069E+01  0.4330E+01            0    0        0    0
      55  0.5323E+01  0.4546E+01            0    0        0    0
      56  0.4243E+01  0.4243E+01            0    0        1    2
      57  0.4360E+01  0.4360E+01            0    0        0    0
      58  0.4478E+01  0.4478E+01            0    0        0    0
      59  0.4596E+01  0.4596E+01            0    0        0    0
      60  0.4714E+01  0.4714E+01            0    0        0    0
      61  0.4832E+01  0.4832E+01            0    0        0    0
      62  0.4950E+01  0.4950E+01            0    0        0    0
      63  0.3897E+01  0.4562E+01            0    0        1    2
      64  0.4113E+01  0.4816E+01            0    0        0    0
      65  0.4330E+01  0.5069E+01            0    0        0    0
      66  0.4546E+01  0.5323E+01            0    0        0    0
      67  0.3527E+01  0.4854E+01            0    0        1    2
      68  0.3625E+01  0.4989E+01            0    0        0    0
      69  0.3723E+01  0.5124E+01            0    0        0    0
      70  0.3821E+01  0.5259E+01            0    0        0    0
      71  0.3919E+01  0.5393E+01            0    0        0    0
      72  0.4017E+01  0.5528E+01            0    0        0    0
      73  0.4114E+01  0.5663E+01            0    0        0    0
      74  0.3135E+01  0.5116E+01            0    0        1    2
      75  0.3309E+01  0.5400E+01            0    0        0    0
      76  0.3483E+01  0.5684E+01            0    0        0    0
      77  0.3657E+01  0.5968E+01            0    0        0    0
      78  0.2724E+01  0.5346E+01            0    0        1    2
      79  0.2800E+01  0.5495E+01            0    0        0    0
      80  0.2875E+01  0.5643E+01            0    0        0    0
      81  0.2951E+01  0.5792E+01            0    0        0    0
      82  0.3027E+01  0.5940E+01            0    0        0    0
      83  0.3102E+01  0.6089E+01            0    0        0    0
      84  0.3178E+01  0.6237E+01            0    0        0    0
      85  0.2296E+01  0.5543E+01            0    0        1    2
      86  0.2424E+01  0.5851E+01            0    0        0    0
      87  0.2551E+01  0.6159E+01            0    0        0    0
      88  0.2679E+01  0.6467E+01            0    0        0    0
      89  0.1854E+01  0.5706E+01            0    0        1    2
      90  0.1906E+01  0.5865E+01            0    0        0    0
      91  0.1957E+01  0.6023E+01            0    0        0    0
      92  0.2009E+01  0.6182E+01            0    0        0    0
      93  0.2060E+01  0.6340E+01            0    0        0    0
      94  0.2112E+01  0.6499E+01            0    0        0    0
      95  0.2163E+01  0.6657E+01            0    0        0    0
      96  0.1401E+01  0.5834E+01            0    0        1    2
      97  0.1478E+01  0.6158E+01            0    0        0    0
      98  0.1556E+01  0.6482E+01            0    0        0    0
      99  0.1634E+01  0.6807E+01            0    0        0    0
     100  0.9386E+00  0.5926E+01            0    0        1    2
     101  0.9647E+00  0.6091E+01            0    0        0    0
     102  0.9908E+00  0.6255E+01            0    0        0    0
     103  0.1017E+01  0.6420E+01            0    0        0    0
     104  0.1043E+01  0.6585E+01            0    0        0    0
     105  0.1069E+01  0.6749E+01            0    0        0    0
     106  0.1095E+01  0.6914E+01            0    0        0    0
     107  0.4708E+00  0.5982E+01            0    0        1    2
     108  0.4969E+00  0.6314E+01            0    0        0    0
     109  0.5231E+00  0.6646E+01            0    0        0    0
     110  0.5492E+00  0.6978E+01            0    0        0    0
     111  0.0000E+00  0.6000E+01            1    0        1    2
     112  0.0000E+00  0.6167E+01            1    0        0    0
     113  0.0000E+00  0.6333E+01            1    0        0    0
     114  0.0000E+00  0.6500E+01            1    0        0    0
     115  0.0000E+00  0.6667E+01            1    0        0    0
     116  0.0000E+00  0.6833E+01            1    0        0    0
     117  0.0000E+00  0.7000E+01            1    0        0    0
  ______________________________________________________________________


     NUMERICAL INTEGRATION DATA:

        Full quadrature (IPDF x IPDF) rule, IPDF =   3
        Reduced quadrature (IPDR x IPDR),   IPDR =   2
        Quadrature rule used in postproc.,  ISTR =   2


     S O L U T I O N :

  _____________________________________________________________________________

     Node    x-coord.      y-coord.     Value of u   Value of v
  _____________________________________________________________________________

       1   0.60000E+01   0.00000E+00   0.75877E-02   0.00000E+00
       2   0.61667E+01   0.00000E+00   0.74939E-02   0.00000E+00
       3   0.63333E+01   0.00000E+00   0.74041E-02   0.00000E+00
       4   0.65000E+01   0.00000E+00   0.73147E-02   0.00000E+00
       5   0.66667E+01   0.00000E+00   0.72302E-02   0.00000E+00
       6   0.68333E+01   0.00000E+00   0.71497E-02   0.00000E+00
       7   0.70000E+01   0.00000E+00   0.70725E-02   0.00000E+00
       8   0.59815E+01   0.47075E+00   0.75290E-02   0.47225E-03
       9   0.63138E+01   0.49691E+00   0.73333E-02   0.50955E-03
      10   0.66461E+01   0.52306E+00   0.71607E-02   0.53670E-03
      11   0.69784E+01   0.54921E+00   0.70042E-02   0.57088E-03
      12   0.59261E+01   0.93861E+00   0.73239E-02   0.94276E-03
      13   0.60907E+01   0.96468E+00   0.72326E-02   0.97283E-03
      14   0.62554E+01   0.99075E+00   0.71469E-02   0.99858E-03
      15   0.64200E+01   0.10168E+01   0.70593E-02   0.10236E-02
      16   0.65846E+01   0.10429E+01   0.69757E-02   0.10490E-02
      17   0.67492E+01   0.10690E+01   0.68943E-02   0.10764E-02
      18   0.69138E+01   0.10950E+01   0.68161E-02   0.11084E-02
      19   0.58342E+01   0.14007E+01   0.71212E-02   0.14254E-02
      20   0.61583E+01   0.14785E+01   0.69031E-02   0.14780E-02
      21   0.64825E+01   0.15563E+01   0.67171E-02   0.15324E-02
      22   0.68066E+01   0.16341E+01   0.65516E-02   0.15974E-02
      23   0.57063E+01   0.18541E+01   0.67823E-02   0.18795E-02
      24   0.58648E+01   0.19056E+01   0.66801E-02   0.19058E-02
      25   0.60234E+01   0.19571E+01   0.65860E-02   0.19318E-02
      26   0.61819E+01   0.20086E+01   0.64903E-02   0.19555E-02
      27   0.63404E+01   0.20601E+01   0.64006E-02   0.19814E-02
      28   0.64989E+01   0.21116E+01   0.63139E-02   0.20101E-02
      29   0.66574E+01   0.21631E+01   0.62318E-02   0.20426E-02
      30   0.55433E+01   0.22961E+01   0.64787E-02   0.23490E-02
      31   0.58512E+01   0.24237E+01   0.62474E-02   0.23694E-02
      32   0.61592E+01   0.25512E+01   0.60534E-02   0.24006E-02
      33   0.64672E+01   0.26788E+01   0.58830E-02   0.24459E-02
      34   0.53460E+01   0.27239E+01   0.60688E-02   0.27738E-02
      35   0.54945E+01   0.27996E+01   0.59645E-02   0.27761E-02
      36   0.56430E+01   0.28753E+01   0.58690E-02   0.27805E-02
      37   0.57915E+01   0.29509E+01   0.57733E-02   0.27838E-02
      38   0.59400E+01   0.30266E+01   0.56840E-02   0.27904E-02
      39   0.60885E+01   0.31023E+01   0.55987E-02   0.28003E-02
      40   0.62370E+01   0.31779E+01   0.55184E-02   0.28147E-02
      41   0.51158E+01   0.31350E+01   0.57139E-02   0.32268E-02
      42   0.54001E+01   0.33092E+01   0.54941E-02   0.31841E-02
      43   0.56843E+01   0.34833E+01   0.53123E-02   0.31616E-02
      44   0.59685E+01   0.36575E+01   0.51551E-02   0.31570E-02
      45   0.48541E+01   0.35267E+01   0.52763E-02   0.36272E-02
      46   0.49889E+01   0.36247E+01   0.51839E-02   0.35949E-02
      47   0.51238E+01   0.37226E+01   0.51001E-02   0.35676E-02
      48   0.52586E+01   0.38206E+01   0.50164E-02   0.35397E-02
      49   0.53934E+01   0.39186E+01   0.49393E-02   0.35167E-02
      50   0.55283E+01   0.40165E+01   0.48664E-02   0.34975E-02
      51   0.56631E+01   0.41145E+01   0.47987E-02   0.34831E-02
      52   0.45624E+01   0.38967E+01   0.49006E-02   0.40717E-02
      53   0.48159E+01   0.41132E+01   0.47212E-02   0.39559E-02
      54   0.50694E+01   0.43297E+01   0.45766E-02   0.38687E-02
      55   0.53228E+01   0.45461E+01   0.44559E-02   0.38030E-02
      56   0.42426E+01   0.42426E+01   0.44576E-02   0.44576E-02
      57   0.43605E+01   0.43605E+01   0.43909E-02   0.43909E-02
      58   0.44783E+01   0.44783E+01   0.43313E-02   0.43313E-02
      59   0.45962E+01   0.45962E+01   0.42719E-02   0.42719E-02
      60   0.47140E+01   0.47140E+01   0.42183E-02   0.42183E-02
      61   0.48319E+01   0.48319E+01   0.41690E-02   0.41690E-02
      62   0.49497E+01   0.49497E+01   0.41247E-02   0.41247E-02
      63   0.38967E+01   0.45624E+01   0.40717E-02   0.49006E-02
      64   0.41132E+01   0.48159E+01   0.39559E-02   0.47212E-02
      65   0.43297E+01   0.50694E+01   0.38687E-02   0.45766E-02
      66   0.45461E+01   0.53228E+01   0.38030E-02   0.44559E-02
      67   0.35267E+01   0.48541E+01   0.36272E-02   0.52763E-02
      68   0.36247E+01   0.49889E+01   0.35949E-02   0.51839E-02
      69   0.37226E+01   0.51238E+01   0.35676E-02   0.51001E-02
      70   0.38206E+01   0.52586E+01   0.35397E-02   0.50164E-02
      71   0.39186E+01   0.53934E+01   0.35167E-02   0.49393E-02
      72   0.40165E+01   0.55283E+01   0.34975E-02   0.48664E-02
      73   0.41145E+01   0.56631E+01   0.34831E-02   0.47987E-02
      74   0.31350E+01   0.51158E+01   0.32268E-02   0.57139E-02
      75   0.33092E+01   0.54001E+01   0.31841E-02   0.54941E-02
      76   0.34833E+01   0.56843E+01   0.31616E-02   0.53123E-02
      77   0.36575E+01   0.59685E+01   0.31570E-02   0.51551E-02
      78   0.27239E+01   0.53460E+01   0.27738E-02   0.60688E-02
      79   0.27996E+01   0.54945E+01   0.27761E-02   0.59645E-02
      80   0.28753E+01   0.56430E+01   0.27805E-02   0.58690E-02
      81   0.29509E+01   0.57915E+01   0.27838E-02   0.57733E-02
      82   0.30266E+01   0.59400E+01   0.27904E-02   0.56840E-02
      83   0.31023E+01   0.60885E+01   0.28003E-02   0.55987E-02
      84   0.31779E+01   0.62370E+01   0.28147E-02   0.55184E-02
      85   0.22961E+01   0.55433E+01   0.23490E-02   0.64787E-02
      86   0.24237E+01   0.58512E+01   0.23694E-02   0.62474E-02
      87   0.25512E+01   0.61592E+01   0.24006E-02   0.60534E-02
      88   0.26788E+01   0.64672E+01   0.24459E-02   0.58830E-02
      89   0.18541E+01   0.57063E+01   0.18795E-02   0.67823E-02
      90   0.19056E+01   0.58648E+01   0.19058E-02   0.66801E-02
      91   0.19571E+01   0.60234E+01   0.19318E-02   0.65860E-02
      92   0.20086E+01   0.61819E+01   0.19555E-02   0.64903E-02
      93   0.20601E+01   0.63404E+01   0.19814E-02   0.64006E-02
      94   0.21116E+01   0.64989E+01   0.20101E-02   0.63139E-02
      95   0.21631E+01   0.66574E+01   0.20426E-02   0.62318E-02
      96   0.14007E+01   0.58342E+01   0.14254E-02   0.71212E-02
      97   0.14785E+01   0.61583E+01   0.14780E-02   0.69031E-02
      98   0.15563E+01   0.64825E+01   0.15324E-02   0.67171E-02
      99   0.16341E+01   0.68066E+01   0.15974E-02   0.65516E-02
     100   0.93861E+00   0.59261E+01   0.94276E-03   0.73239E-02
     101   0.96468E+00   0.60907E+01   0.97283E-03   0.72326E-02
     102   0.99075E+00   0.62554E+01   0.99858E-03   0.71469E-02
     103   0.10168E+01   0.64200E+01   0.10236E-02   0.70593E-02
     104   0.10429E+01   0.65846E+01   0.10490E-02   0.69757E-02
     105   0.10690E+01   0.67492E+01   0.10764E-02   0.68943E-02
     106   0.10950E+01   0.69138E+01   0.11084E-02   0.68161E-02
     107   0.47075E+00   0.59815E+01   0.47225E-03   0.75290E-02
     108   0.49691E+00   0.63138E+01   0.50955E-03   0.73333E-02
     109   0.52306E+00   0.66461E+01   0.53670E-03   0.71607E-02
     110   0.54921E+00   0.69784E+01   0.57088E-03   0.70042E-02
     111   0.00000E+00   0.60000E+01   0.00000E+00   0.75877E-02
     112   0.00000E+00   0.61667E+01   0.00000E+00   0.74939E-02
     113   0.00000E+00   0.63333E+01   0.00000E+00   0.74041E-02
     114   0.00000E+00   0.65000E+01   0.00000E+00   0.73147E-02
     115   0.00000E+00   0.66667E+01   0.00000E+00   0.72302E-02
     116   0.00000E+00   0.68333E+01   0.00000E+00   0.71497E-02
     117   0.00000E+00   0.70000E+01   0.00000E+00   0.70725E-02
  _____________________________________________________________________________

  _________________________________________________________________

     x-coord.     y-coord.     sigma-x      sigma-y     sigma-xy
  _________________________________________________________________

   0.6067E+01   0.2017E+00  -0.6468E+04   0.3166E+05  -0.1218E+04
   0.6024E+01   0.7499E+00  -0.3874E+04   0.3268E+05  -0.5670E+04
   0.6259E+01   0.2081E+00  -0.4968E+04   0.3279E+05  -0.1452E+04
   0.6215E+01   0.7737E+00  -0.2800E+04   0.3269E+05  -0.5426E+04
   0.6400E+01   0.2127E+00  -0.3809E+04   0.3340E+05  -0.1652E+04
   0.6355E+01   0.7911E+00  -0.2298E+04   0.3261E+05  -0.5365E+04
   0.6593E+01   0.2191E+00  -0.2442E+04   0.3400E+05  -0.1570E+04
   0.6546E+01   0.8149E+00  -0.1212E+04   0.3299E+05  -0.5135E+04
   0.6733E+01   0.2238E+00  -0.1488E+04   0.3449E+05  -0.1438E+04
   0.6685E+01   0.8323E+00  -0.6021E+03   0.3321E+05  -0.4882E+04
   0.6926E+01   0.2302E+00  -0.3666E+03   0.3527E+05  -0.1295E+04
   0.6876E+01   0.8561E+00   0.3293E+03   0.3368E+05  -0.4470E+04
   0.5961E+01   0.1148E+01  -0.3973E+04   0.3334E+05  -0.6628E+04
   0.5832E+01   0.1683E+01  -0.1281E+04   0.3194E+05  -0.1177E+05
   0.6150E+01   0.1185E+01  -0.2606E+04   0.3259E+05  -0.7212E+04
   0.6017E+01   0.1736E+01  -0.3593E+03   0.3130E+05  -0.1097E+05
   0.6288E+01   0.1211E+01  -0.1505E+04   0.3243E+05  -0.7205E+04
   0.6153E+01   0.1775E+01   0.2360E+03   0.3084E+05  -0.1049E+05
   0.6477E+01   0.1248E+01  -0.6056E+03   0.3209E+05  -0.7062E+04
   0.6338E+01   0.1829E+01   0.1062E+04   0.3026E+05  -0.9883E+04
   0.6615E+01   0.1274E+01   0.1109E+03   0.3198E+05  -0.6832E+04
   0.6473E+01   0.1868E+01   0.1619E+04   0.2994E+05  -0.9423E+04
   0.6804E+01   0.1311E+01   0.8176E+03   0.3185E+05  -0.6294E+04
   0.6658E+01   0.1921E+01   0.2293E+04   0.2956E+05  -0.8764E+04
   0.5708E+01   0.2067E+01  -0.7685E+03   0.3220E+05  -0.1268E+05
   0.5497E+01   0.2575E+01   0.3442E+04   0.2891E+05  -0.1697E+05
   0.5889E+01   0.2132E+01   0.6909E+03   0.3064E+05  -0.1245E+05
   0.5672E+01   0.2656E+01   0.3889E+04   0.2799E+05  -0.1558E+05
   0.6021E+01   0.2180E+01   0.1486E+04   0.2976E+05  -0.1213E+05
   0.5799E+01   0.2716E+01   0.4238E+04   0.2729E+05  -0.1471E+05
   0.6202E+01   0.2246E+01   0.2369E+04   0.2886E+05  -0.1149E+05
   0.5974E+01   0.2798E+01   0.4716E+04   0.2634E+05  -0.1365E+05
   0.6335E+01   0.2294E+01   0.2826E+04   0.2828E+05  -0.1097E+05
   0.6101E+01   0.2857E+01   0.5023E+04   0.2573E+05  -0.1292E+05
   0.6516E+01   0.2359E+01   0.3374E+04   0.2760E+05  -0.1021E+05
   0.6275E+01   0.2939E+01   0.5374E+04   0.2498E+05  -0.1194E+05
   0.5314E+01   0.2934E+01   0.4274E+04   0.2865E+05  -0.1771E+05
   0.5027E+01   0.3403E+01   0.9622E+04   0.2384E+05  -0.2057E+05
   0.5483E+01   0.3027E+01   0.5376E+04   0.2677E+05  -0.1671E+05
   0.5186E+01   0.3511E+01   0.9371E+04   0.2312E+05  -0.1875E+05
   0.5606E+01   0.3095E+01   0.5930E+04   0.2571E+05  -0.1592E+05
   0.5303E+01   0.3590E+01   0.9297E+04   0.2250E+05  -0.1758E+05
   0.5775E+01   0.3188E+01   0.6395E+04   0.2456E+05  -0.1480E+05
   0.5462E+01   0.3698E+01   0.9277E+04   0.2160E+05  -0.1615E+05
   0.5898E+01   0.3256E+01   0.6629E+04   0.2383E+05  -0.1399E+05
   0.5579E+01   0.3777E+01   0.9253E+04   0.2097E+05  -0.1517E+05
   0.6066E+01   0.3349E+01   0.6811E+04   0.2293E+05  -0.1289E+05
   0.5738E+01   0.3885E+01   0.9191E+04   0.2018E+05  -0.1392E+05
   0.4790E+01   0.3729E+01   0.1060E+05   0.2315E+05  -0.2099E+05
   0.4433E+01   0.4147E+01   0.1650E+05   0.1744E+05  -0.2199E+05
   0.4942E+01   0.3848E+01   0.1112E+05   0.2152E+05  -0.1935E+05
   0.4573E+01   0.4279E+01   0.1548E+05   0.1727E+05  -0.2007E+05
   0.5053E+01   0.3934E+01   0.1126E+05   0.2060E+05  -0.1822E+05
   0.4676E+01   0.4375E+01   0.1494E+05   0.1697E+05  -0.1879E+05
   0.5205E+01   0.4052E+01   0.1122E+05   0.1960E+05  -0.1674E+05
   0.4817E+01   0.4507E+01   0.1437E+05   0.1642E+05  -0.1720E+05
   0.5316E+01   0.4139E+01   0.1112E+05   0.1896E+05  -0.1572E+05
   0.4919E+01   0.4603E+01   0.1400E+05   0.1600E+05  -0.1612E+05
   0.5468E+01   0.4257E+01   0.1091E+05   0.1816E+05  -0.1439E+05
   0.5060E+01   0.4734E+01   0.1352E+05   0.1542E+05  -0.1473E+05
   0.4147E+01   0.4433E+01   0.1744E+05   0.1650E+05  -0.2199E+05
   0.3729E+01   0.4790E+01   0.2315E+05   0.1060E+05  -0.2099E+05
   0.4279E+01   0.4573E+01   0.1727E+05   0.1548E+05  -0.2007E+05
   0.3848E+01   0.4942E+01   0.2152E+05   0.1112E+05  -0.1935E+05
   0.4375E+01   0.4676E+01   0.1697E+05   0.1494E+05  -0.1879E+05
   0.3934E+01   0.5053E+01   0.2060E+05   0.1126E+05  -0.1822E+05
   0.4507E+01   0.4817E+01   0.1642E+05   0.1437E+05  -0.1720E+05
   0.4052E+01   0.5205E+01   0.1960E+05   0.1122E+05  -0.1674E+05
   0.4603E+01   0.4919E+01   0.1600E+05   0.1400E+05  -0.1612E+05
   0.4139E+01   0.5316E+01   0.1896E+05   0.1112E+05  -0.1572E+05
   0.4734E+01   0.5060E+01   0.1542E+05   0.1352E+05  -0.1473E+05
   0.4257E+01   0.5468E+01   0.1816E+05   0.1091E+05  -0.1439E+05
   0.3403E+01   0.5027E+01   0.2384E+05   0.9622E+04  -0.2057E+05
   0.2934E+01   0.5314E+01   0.2865E+05   0.4274E+04  -0.1771E+05
   0.3511E+01   0.5186E+01   0.2312E+05   0.9371E+04  -0.1875E+05
   0.3027E+01   0.5483E+01   0.2677E+05   0.5376E+04  -0.1671E+05
   0.3590E+01   0.5303E+01   0.2250E+05   0.9297E+04  -0.1758E+05
   0.3095E+01   0.5606E+01   0.2571E+05   0.5930E+04  -0.1592E+05
   0.3698E+01   0.5462E+01   0.2160E+05   0.9277E+04  -0.1615E+05
   0.3188E+01   0.5775E+01   0.2456E+05   0.6395E+04  -0.1480E+05
   0.3777E+01   0.5579E+01   0.2097E+05   0.9253E+04  -0.1517E+05
   0.3256E+01   0.5898E+01   0.2383E+05   0.6629E+04  -0.1399E+05
   0.3885E+01   0.5738E+01   0.2018E+05   0.9191E+04  -0.1392E+05
   0.3349E+01   0.6066E+01   0.2293E+05   0.6811E+04  -0.1289E+05
   0.2575E+01   0.5497E+01   0.2891E+05   0.3442E+04  -0.1697E+05
   0.2067E+01   0.5708E+01   0.3220E+05  -0.7685E+03  -0.1268E+05
   0.2656E+01   0.5672E+01   0.2799E+05   0.3889E+04  -0.1558E+05
   0.2132E+01   0.5889E+01   0.3064E+05   0.6909E+03  -0.1245E+05
   0.2716E+01   0.5799E+01   0.2729E+05   0.4238E+04  -0.1471E+05
   0.2180E+01   0.6021E+01   0.2976E+05   0.1486E+04  -0.1213E+05
   0.2798E+01   0.5974E+01   0.2634E+05   0.4716E+04  -0.1365E+05
   0.2246E+01   0.6202E+01   0.2886E+05   0.2369E+04  -0.1149E+05
   0.2857E+01   0.6101E+01   0.2573E+05   0.5023E+04  -0.1292E+05
   0.2294E+01   0.6335E+01   0.2828E+05   0.2826E+04  -0.1097E+05
   0.2939E+01   0.6275E+01   0.2498E+05   0.5374E+04  -0.1194E+05
   0.2359E+01   0.6516E+01   0.2760E+05   0.3374E+04  -0.1021E+05
   0.1683E+01   0.5832E+01   0.3194E+05  -0.1281E+04  -0.1177E+05
   0.1148E+01   0.5961E+01   0.3334E+05  -0.3973E+04  -0.6628E+04
   0.1736E+01   0.6017E+01   0.3130E+05  -0.3593E+03  -0.1097E+05
   0.1185E+01   0.6150E+01   0.3259E+05  -0.2606E+04  -0.7212E+04
   0.1775E+01   0.6153E+01   0.3084E+05   0.2360E+03  -0.1049E+05
   0.1211E+01   0.6288E+01   0.3243E+05  -0.1505E+04  -0.7205E+04
   0.1829E+01   0.6338E+01   0.3026E+05   0.1062E+04  -0.9883E+04
   0.1248E+01   0.6477E+01   0.3209E+05  -0.6056E+03  -0.7062E+04
   0.1868E+01   0.6473E+01   0.2994E+05   0.1619E+04  -0.9423E+04
   0.1274E+01   0.6615E+01   0.3198E+05   0.1109E+03  -0.6832E+04
   0.1921E+01   0.6658E+01   0.2956E+05   0.2293E+04  -0.8764E+04
   0.1311E+01   0.6804E+01   0.3185E+05   0.8176E+03  -0.6294E+04
   0.7499E+00   0.6024E+01   0.3268E+05  -0.3874E+04  -0.5670E+04
   0.2017E+00   0.6067E+01   0.3166E+05  -0.6468E+04  -0.1218E+04
   0.7737E+00   0.6215E+01   0.3269E+05  -0.2800E+04  -0.5426E+04
   0.2081E+00   0.6259E+01   0.3279E+05  -0.4968E+04  -0.1452E+04
   0.7911E+00   0.6355E+01   0.3261E+05  -0.2298E+04  -0.5365E+04
   0.2127E+00   0.6400E+01   0.3340E+05  -0.3809E+04  -0.1652E+04
   0.8149E+00   0.6546E+01   0.3299E+05  -0.1212E+04  -0.5135E+04
   0.2191E+00   0.6593E+01   0.3400E+05  -0.2442E+04  -0.1570E+04
   0.8323E+00   0.6685E+01   0.3321E+05  -0.6021E+03  -0.4882E+04
   0.2238E+00   0.6733E+01   0.3449E+05  -0.1488E+04  -0.1438E+04
   0.8561E+00   0.6876E+01   0.3368E+05   0.3293E+03  -0.4470E+04
   0.2302E+00   0.6926E+01   0.3527E+05  -0.3666E+03  -0.1295E+04
  _________________________________________________________________

Stop - Program terminated.
