     *** ECHO OF THE INPUT DATA STARTS ***

    Example 11.7.2b: Bending of a cantilever beam by plane elasticity           
    2   1   0   0                          ITYPE,IGRAD,ITEM,NEIGN               
    2   9   1   0                          IELTYP,NPE,MESH,NPRNT                
    4   1                                  NX, NY                               
    0.0  2.5   2.5   2.5   2.5             X0, DX(I)                            
    0.0  2.0                               Y0, DY(I)                            
    4                                      NSPV                                 
    9  1  18 1   18 2   27 1               ISPV                                 
    0.0   0.0    0.0    0.0                VSPV                                 
    3                                      NSSV                                 
    1  2   10  2   19  2                   ISSV                                 
   -50.0  -200.0  -50.0                    VSSV                                 
    0                                      LNSTRS                               
    30.0E06  30.0E06  0.25  12.0E06  1.0   E1,E2,ANU12,G12,THKNS                
    0.0   0.0   0.0                        F0, FX, FY                           
                                                                                
                                                                                
                                                                                
     **** ECHO OF THE INPUT DATA ENDS ****

    Example 11.7.2b: Bending of a cantilever beam by plane elasticity           
  ______________________________________________________________________

            OUTPUT  from  program *** FEM2D *** by J. N. REDDY
  ______________________________________________________________________


                A  2-D  ELASTICITY   PROBLEM  IS  ANALYZED

     MATERIAL PROPERTIES OF THE SOLID ANALYZED:

        Thickness of the body, THKNS ............=  0.1000E+01
        Modulus of elasticity, E1 ...............=  0.3000E+08
        Modulus of elasticity, E2 ...............=  0.3000E+08
        Poisson s ratio, ANU12 ..................=  0.2500E+00
        Shear modulus, G12 ......................=  0.1200E+08
         **PLANE STRAIN assumption is selected by user**


     CONTINUOUS SOURCE COEFFICIENTS:

        Coefficient, F0  ........................=  0.0000E+00
        Coefficient, FX  ........................=  0.0000E+00
        Coefficient, FY  ........................=  0.0000E+00


        ******* A STEADY-STATE PROBLEM is analyzed *******

        *** A mesh of QUADRILATERALS is chosen by user ***

     FINITE ELEMENT MESH INFORMATION:

        Element type: 0 = Triangle; >0 = Quad.)..=   2
        Number of nodes per element, NPE ........=   9
        No. of primary deg. of freedom/node, NDF =   2
        Number of elements in the mesh, NEM .....=   4
        Number of nodes in the mesh, NNM ........=  27
        Number of equations to be solved, NEQ ...=  54
        Half bandwidth of the matrix GLK, NHBW ..=  42
        Mesh subdivisions, NX and NY ............=   4   1

        No. of specified PRIMARY variables, NSPV =   4
        No. of speci.  SECONDARY variables, NSSV =   3

      Node  DOF     Value

         1   2  -0.50000E+02
        10   2  -0.20000E+03
        19   2  -0.50000E+02
  ______________________________________________________________________

     Node   x-coord.   y-coord.    Speci. primary & secondary variables
                                      (0, unspecified; >0, specified)
                                         Primary DOF  Secondary DOF
  ______________________________________________________________________

       1  0.0000E+00  0.0000E+00            0    0        0    2
       2  0.1250E+01  0.0000E+00            0    0        0    0
       3  0.2500E+01  0.0000E+00            0    0        0    0
       4  0.3750E+01  0.0000E+00            0    0        0    0
       5  0.5000E+01  0.0000E+00            0    0        0    0
       6  0.6250E+01  0.0000E+00            0    0        0    0
       7  0.7500E+01  0.0000E+00            0    0        0    0
       8  0.8750E+01  0.0000E+00            0    0        0    0
       9  0.1000E+02  0.0000E+00            1    0        0    0
      10  0.0000E+00  0.1000E+01            0    0        0    2
      11  0.1250E+01  0.1000E+01            0    0        0    0
      12  0.2500E+01  0.1000E+01            0    0        0    0
      13  0.3750E+01  0.1000E+01            0    0        0    0
      14  0.5000E+01  0.1000E+01            0    0        0    0
      15  0.6250E+01  0.1000E+01            0    0        0    0
      16  0.7500E+01  0.1000E+01            0    0        0    0
      17  0.8750E+01  0.1000E+01            0    0        0    0
      18  0.1000E+02  0.1000E+01            1    2        0    0
      19  0.0000E+00  0.2000E+01            0    0        0    2
      20  0.1250E+01  0.2000E+01            0    0        0    0
      21  0.2500E+01  0.2000E+01            0    0        0    0
      22  0.3750E+01  0.2000E+01            0    0        0    0
      23  0.5000E+01  0.2000E+01            0    0        0    0
      24  0.6250E+01  0.2000E+01            0    0        0    0
      25  0.7500E+01  0.2000E+01            0    0        0    0
      26  0.8750E+01  0.2000E+01            0    0        0    0
      27  0.1000E+02  0.2000E+01            1    0        0    0
  ______________________________________________________________________


     NUMERICAL INTEGRATION DATA:

        Full quadrature (IPDF x IPDF) rule, IPDF =   3
        Reduced quadrature (IPDR x IPDR),   IPDR =   2
        Quadrature rule used in postproc.,  ISTR =   2


     S O L U T I O N :

  _____________________________________________________________________________

     Node    x-coord.      y-coord.     Value of u   Value of v
  _____________________________________________________________________________

       1   0.00000E+00   0.00000E+00   0.70391E-03  -0.48212E-02
       2   0.12500E+01   0.00000E+00   0.69174E-03  -0.39327E-02
       3   0.25000E+01   0.00000E+00   0.65985E-03  -0.30724E-02
       4   0.37500E+01   0.00000E+00   0.60387E-03  -0.22667E-02
       5   0.50000E+01   0.00000E+00   0.52799E-03  -0.15436E-02
       6   0.62500E+01   0.00000E+00   0.42810E-03  -0.93026E-03
       7   0.75000E+01   0.00000E+00   0.30819E-03  -0.45458E-03
       8   0.87500E+01   0.00000E+00   0.16452E-03  -0.14287E-03
       9   0.10000E+02   0.00000E+00   0.00000E+00  -0.26297E-04
      10   0.00000E+00   0.10000E+01  -0.63600E-17  -0.48206E-02
      11   0.12500E+01   0.10000E+01  -0.77397E-17  -0.39299E-02
      12   0.25000E+01   0.10000E+01  -0.79230E-17  -0.30664E-02
      13   0.37500E+01   0.10000E+01  -0.65875E-17  -0.22580E-02
      14   0.50000E+01   0.10000E+01  -0.51219E-17  -0.15319E-02
      15   0.62500E+01   0.10000E+01  -0.38004E-17  -0.91565E-03
      16   0.75000E+01   0.10000E+01  -0.25411E-17  -0.43665E-03
      17   0.87500E+01   0.10000E+01  -0.12950E-17  -0.12265E-03
      18   0.10000E+02   0.10000E+01   0.00000E+00   0.00000E+00
      19   0.00000E+00   0.20000E+01  -0.70391E-03  -0.48212E-02
      20   0.12500E+01   0.20000E+01  -0.69174E-03  -0.39327E-02
      21   0.25000E+01   0.20000E+01  -0.65985E-03  -0.30724E-02
      22   0.37500E+01   0.20000E+01  -0.60387E-03  -0.22667E-02
      23   0.50000E+01   0.20000E+01  -0.52799E-03  -0.15436E-02
      24   0.62500E+01   0.20000E+01  -0.42810E-03  -0.93026E-03
      25   0.75000E+01   0.20000E+01  -0.30819E-03  -0.45458E-03
      26   0.87500E+01   0.20000E+01  -0.16452E-03  -0.14287E-03
      27   0.10000E+02   0.20000E+01   0.00000E+00  -0.26297E-04
  _____________________________________________________________________________

  _________________________________________________________________

     x-coord.     y-coord.     sigma-x      sigma-y     sigma-xy
  _________________________________________________________________

   0.5283E+00   0.4226E+00  -0.1570E+03   0.9538E+00   0.1500E+03
   0.5283E+00   0.1577E+01   0.1570E+03  -0.9538E+00   0.1500E+03
   0.1972E+01   0.4226E+00  -0.4925E+03   0.3972E+01   0.1500E+03
   0.1972E+01   0.1577E+01   0.4925E+03  -0.3972E+01   0.1500E+03
   0.3028E+01   0.4226E+00  -0.8067E+03  -0.5908E+01   0.1500E+03
   0.3028E+01   0.1577E+01   0.8067E+03   0.5908E+01   0.1500E+03
   0.4472E+01   0.4226E+00  -0.1142E+04   0.6906E+01   0.1500E+03
   0.4472E+01   0.1577E+01   0.1142E+04  -0.6906E+01   0.1500E+03
   0.5528E+01   0.4226E+00  -0.1456E+04  -0.8290E+01   0.1500E+03
   0.5528E+01   0.1577E+01   0.1456E+04   0.8290E+01   0.1500E+03
   0.6972E+01   0.4226E+00  -0.1791E+04   0.1153E+02   0.1500E+03
   0.6972E+01   0.1577E+01   0.1791E+04  -0.1153E+02   0.1500E+03
   0.8028E+01   0.4226E+00  -0.2107E+04  -0.2091E+02   0.1500E+03
   0.8028E+01   0.1577E+01   0.2107E+04   0.2091E+02   0.1500E+03
   0.9472E+01   0.4226E+00  -0.2440E+04   0.4639E+02   0.1500E+03
   0.9472E+01   0.1577E+01   0.2440E+04  -0.4639E+02   0.1500E+03
  _________________________________________________________________

Stop - Program terminated.
