     *** ECHO OF THE INPUT DATA STARTS ***

PIPE: ELASTIC PLAIN STRAIN UNDER INTERNAL PRESSURE                              
2 1 0 0                                                                         
1 8 0 0                                                                         
48 177                                                                          
1 3 17 15 2 11 16 10                                                            
3 5 19 17 4 12 18 11                                                            
5 7 21 19 6 13 20 12                                                            
7 9 23 21 8 14 22 13                                                            
15 17 31 29 16 25 30 24                                                         
17 19 33 31 18 26 32 25                                                         
19 21 35 33 20 27 34 26                                                         
21 23 37 35 22 28 36 27                                                         
29 31 45 43 30 39 44 38                                                         
31 33 47 45 32 40 46 39                                                         
33 35 49 47 34 41 48 40                                                         
35 37 51 49 36 42 50 41                                                         
43 45 59 57 44 53 58 52                                                         
45 47 61 59 46 54 60 53                                                         
47 49 63 61 48 55 62 54                                                         
49 51 65 63 50 56 64 55                                                         
57 59 73 71 58 67 72 66                                                         
59 61 75 73 60 68 74 67                                                         
61 63 77 75 62 69 76 68                                                         
63 65 79 77 64 70 78 69                                                         
71 73 87 85 72 81 86 80                                                         
73 75 89 87 74 82 88 81                                                         
75 77 91 89 76 83 90 82                                                         
77 79 93 91 78 84 92 83                                                         
85 87 101 99 86 95 100 94                                                       
87 89 103 101 88 96 102 95                                                      
89 91 105 103 90 97 104 96                                                      
91 93 107 105 92 98 106 97                                                      
99 101 115 113 100 109 114 108                                                  
101 103 117 115 102 110 116 109                                                 
103 105 119 117 104 111 118 110                                                 
105 107 121 119 106 112 120 111                                                 
113 115 129 127 114 123 128 122                                                 
115 117 131 129 116 124 130 123                                                 
117 119 133 131 118 125 132 124                                                 
119 121 135 133 120 126 134 125                                                 
127 129 143 141 128 137 142 136                                                 
129 131 145 143 130 138 144 137                                                 
131 133 147 145 132 139 146 138                                                 
133 135 149 147 134 140 148 139                                                 
141 143 157 155 142 151 156 150                                                 
143 145 159 157 144 152 158 151                                                 
145 147 161 159 146 153 160 152                                                 
147 149 163 161 148 154 162 153                                                 
155 157 171 169 156 165 170 164                                                 
157 159 173 171 158 166 172 165                                                 
159 161 175 173 160 167 174 166                                                 
161 163 177 175 162 168 176 167                                                 
6.00000000 0.00000000 6.12500000 0.00000000 6.25000000 0.00000000 6.37500000 0.0
18                                                                              
1 2 2 2 3 2 4 2 5 2 6 2 7 2 8 2 9 2 169 1 170 1 171 1 172 1 173 1 174 1 175 1 17
0   0   0   0   0   0   0   0   0   0   0   0   0   0   0   0   0   0   0   0   
50                                                                              
1 1 1 2 10 1 10 2 15 1 15 2 24 1 24 2 29 1 29 2 38 1 38 2 43 1 43 2 52 1 52 2 57
867.21047208 0.00000000 3461.41483158 226.87311430 859.79136628 113.19368077 340
0                                                                               
31000000.0 31000000.0 0.3 11923076.9 1.0                                        
0 0 0                                                                           
     **** ECHO OF THE INPUT DATA ENDS ****

PIPE: ELASTIC PLAIN STRAIN UNDER INTERNAL PRESSURE                              
  ______________________________________________________________________

            OUTPUT  from  program *** FEM2D *** by J. N. REDDY
  ______________________________________________________________________


                A  2-D  ELASTICITY   PROBLEM  IS  ANALYZED

     MATERIAL PROPERTIES OF THE SOLID ANALYZED:

        Thickness of the body, THKNS ............=  0.1000E+01
        Modulus of elasticity, E1 ...............=  0.3100E+08
        Modulus of elasticity, E2 ...............=  0.3100E+08
        Poisson s ratio, ANU12 ..................=  0.3000E+00
        Shear modulus, G12 ......................=  0.1192E+08
         **PLANE STRAIN assumption is selected by user**


     CONTINUOUS SOURCE COEFFICIENTS:

        Coefficient, F0  ........................=  0.0000E+00
        Coefficient, FX  ........................=  0.0000E+00
        Coefficient, FY  ........................=  0.0000E+00


        ******* A STEADY-STATE PROBLEM is analyzed *******

        *** A mesh of QUADRILATERALS is chosen by user ***

     FINITE ELEMENT MESH INFORMATION:

        Element type: 0 = Triangle; >0 = Quad.)..=   1
        Number of nodes per element, NPE ........=   8
        No. of primary deg. of freedom/node, NDF =   2
        Number of elements in the mesh, NEM .....=  48
        Number of nodes in the mesh, NNM ........= 177
        Number of equations to be solved, NEQ ...= 354
        Half bandwidth of the matrix GLK, NHBW ..=  34
        No. of specified PRIMARY variables, NSPV =  18
        No. of speci.  SECONDARY variables, NSSV =  50

      Node  DOF     Value

         1   1   0.86721E+03
         1   2   0.00000E+00
        10   1   0.34614E+04
        10   2   0.22687E+03
        15   1   0.85979E+03
        15   2   0.11319E+03
        24   1   0.34022E+04
        24   2   0.67674E+03
        29   1   0.83766E+03
        29   2   0.22445E+03
        38   1   0.32848E+04
        38   2   0.11150E+04
        43   1   0.80120E+03
        43   2   0.33187E+03
        52   1   0.31111E+04
        52   2   0.15342E+04
        57   1   0.75103E+03
        57   2   0.43361E+03
        66   1   0.28842E+04
        66   2   0.19272E+04
        71   1   0.68800E+03
        71   2   0.52792E+03
        80   1   0.26080E+04
        80   2   0.22872E+04
        85   1   0.61321E+03
        85   2   0.61321E+03
        94   1   0.22872E+04
        94   2   0.26080E+04
        99   1   0.52792E+03
        99   2   0.68800E+03
       108   1   0.19272E+04
       108   2   0.28842E+04
       113   1   0.43361E+03
       113   2   0.75103E+03
       122   1   0.15342E+04
       122   2   0.31111E+04
       127   1   0.33187E+03
       127   2   0.80120E+03
       136   1   0.11150E+04
       136   2   0.32848E+04
       141   1   0.22445E+03
       141   2   0.83766E+03
       150   1   0.67674E+03
       150   2   0.34022E+04
       155   1   0.11319E+03
       155   2   0.85979E+03
       164   1   0.22687E+03
       164   2   0.34614E+04
       169   1   0.00000E+00
       169   2   0.86721E+03
  ______________________________________________________________________

     Node   x-coord.   y-coord.    Speci. primary & secondary variables
                                      (0, unspecified; >0, specified)
                                         Primary DOF  Secondary DOF
  ______________________________________________________________________

       1  0.6000E+01  0.0000E+00            0    2        1    2
       2  0.6125E+01  0.0000E+00            0    2        0    0
       3  0.6250E+01  0.0000E+00            0    2        0    0
       4  0.6375E+01  0.0000E+00            0    2        0    0
       5  0.6500E+01  0.0000E+00            0    2        0    0
       6  0.6625E+01  0.0000E+00            0    2        0    0
       7  0.6750E+01  0.0000E+00            0    2        0    0
       8  0.6875E+01  0.0000E+00            0    2        0    0
       9  0.7000E+01  0.0000E+00            0    2        0    0
      10  0.5987E+01  0.3924E+00            0    0        1    2
      11  0.6237E+01  0.4088E+00            0    0        0    0
      12  0.6486E+01  0.4251E+00            0    0        0    0
      13  0.6736E+01  0.4415E+00            0    0        0    0
      14  0.6985E+01  0.4578E+00            0    0        0    0
      15  0.5949E+01  0.7832E+00            0    0        1    2
      16  0.6073E+01  0.7995E+00            0    0        0    0
      17  0.6197E+01  0.8158E+00            0    0        0    0
      18  0.6320E+01  0.8321E+00            0    0        0    0
      19  0.6444E+01  0.8484E+00            0    0        0    0
      20  0.6568E+01  0.8647E+00            0    0        0    0
      21  0.6692E+01  0.8811E+00            0    0        0    0
      22  0.6816E+01  0.8974E+00            0    0        0    0
      23  0.6940E+01  0.9137E+00            0    0        0    0
      24  0.5885E+01  0.1171E+01            0    0        1    2
      25  0.6130E+01  0.1219E+01            0    0        0    0
      26  0.6375E+01  0.1268E+01            0    0        0    0
      27  0.6620E+01  0.1317E+01            0    0        0    0
      28  0.6865E+01  0.1366E+01            0    0        0    0
      29  0.5796E+01  0.1553E+01            0    0        1    2
      30  0.5916E+01  0.1585E+01            0    0        0    0
      31  0.6037E+01  0.1618E+01            0    0        0    0
      32  0.6158E+01  0.1650E+01            0    0        0    0
      33  0.6279E+01  0.1682E+01            0    0        0    0
      34  0.6399E+01  0.1715E+01            0    0        0    0
      35  0.6520E+01  0.1747E+01            0    0        0    0
      36  0.6641E+01  0.1779E+01            0    0        0    0
      37  0.6761E+01  0.1812E+01            0    0        0    0
      38  0.5682E+01  0.1929E+01            0    0        1    2
      39  0.5918E+01  0.2009E+01            0    0        0    0
      40  0.6155E+01  0.2089E+01            0    0        0    0
      41  0.6392E+01  0.2170E+01            0    0        0    0
      42  0.6629E+01  0.2250E+01            0    0        0    0
      43  0.5543E+01  0.2296E+01            0    0        1    2
      44  0.5659E+01  0.2344E+01            0    0        0    0
      45  0.5774E+01  0.2392E+01            0    0        0    0
      46  0.5890E+01  0.2440E+01            0    0        0    0
      47  0.6005E+01  0.2487E+01            0    0        0    0
      48  0.6121E+01  0.2535E+01            0    0        0    0
      49  0.6236E+01  0.2583E+01            0    0        0    0
      50  0.6352E+01  0.2631E+01            0    0        0    0
      51  0.6467E+01  0.2679E+01            0    0        0    0
      52  0.5381E+01  0.2654E+01            0    0        1    2
      53  0.5605E+01  0.2764E+01            0    0        0    0
      54  0.5830E+01  0.2875E+01            0    0        0    0
      55  0.6054E+01  0.2985E+01            0    0        0    0
      56  0.6278E+01  0.3096E+01            0    0        0    0
      57  0.5196E+01  0.3000E+01            0    0        1    2
      58  0.5304E+01  0.3063E+01            0    0        0    0
      59  0.5413E+01  0.3125E+01            0    0        0    0
      60  0.5521E+01  0.3188E+01            0    0        0    0
      61  0.5629E+01  0.3250E+01            0    0        0    0
      62  0.5737E+01  0.3313E+01            0    0        0    0
      63  0.5846E+01  0.3375E+01            0    0        0    0
      64  0.5954E+01  0.3438E+01            0    0        0    0
      65  0.6062E+01  0.3500E+01            0    0        0    0
      66  0.4989E+01  0.3333E+01            0    0        1    2
      67  0.5197E+01  0.3472E+01            0    0        0    0
      68  0.5405E+01  0.3611E+01            0    0        0    0
      69  0.5612E+01  0.3750E+01            0    0        0    0
      70  0.5820E+01  0.3889E+01            0    0        0    0
      71  0.4760E+01  0.3653E+01            0    0        1    2
      72  0.4859E+01  0.3729E+01            0    0        0    0
      73  0.4958E+01  0.3805E+01            0    0        0    0
      74  0.5058E+01  0.3881E+01            0    0        0    0
      75  0.5157E+01  0.3957E+01            0    0        0    0
      76  0.5256E+01  0.4033E+01            0    0        0    0
      77  0.5355E+01  0.4109E+01            0    0        0    0
      78  0.5454E+01  0.4185E+01            0    0        0    0
      79  0.5553E+01  0.4261E+01            0    0        0    0
      80  0.4511E+01  0.3956E+01            0    0        1    2
      81  0.4699E+01  0.4121E+01            0    0        0    0
      82  0.4887E+01  0.4286E+01            0    0        0    0
      83  0.5075E+01  0.4451E+01            0    0        0    0
      84  0.5263E+01  0.4615E+01            0    0        0    0
      85  0.4243E+01  0.4243E+01            0    0        1    2
      86  0.4331E+01  0.4331E+01            0    0        0    0
      87  0.4419E+01  0.4419E+01            0    0        0    0
      88  0.4508E+01  0.4508E+01            0    0        0    0
      89  0.4596E+01  0.4596E+01            0    0        0    0
      90  0.4685E+01  0.4685E+01            0    0        0    0
      91  0.4773E+01  0.4773E+01            0    0        0    0
      92  0.4861E+01  0.4861E+01            0    0        0    0
      93  0.4950E+01  0.4950E+01            0    0        0    0
      94  0.3956E+01  0.4511E+01            0    0        1    2
      95  0.4121E+01  0.4699E+01            0    0        0    0
      96  0.4286E+01  0.4887E+01            0    0        0    0
      97  0.4451E+01  0.5075E+01            0    0        0    0
      98  0.4615E+01  0.5263E+01            0    0        0    0
      99  0.3653E+01  0.4760E+01            0    0        1    2
     100  0.3729E+01  0.4859E+01            0    0        0    0
     101  0.3805E+01  0.4958E+01            0    0        0    0
     102  0.3881E+01  0.5058E+01            0    0        0    0
     103  0.3957E+01  0.5157E+01            0    0        0    0
     104  0.4033E+01  0.5256E+01            0    0        0    0
     105  0.4109E+01  0.5355E+01            0    0        0    0
     106  0.4185E+01  0.5454E+01            0    0        0    0
     107  0.4261E+01  0.5553E+01            0    0        0    0
     108  0.3333E+01  0.4989E+01            0    0        1    2
     109  0.3472E+01  0.5197E+01            0    0        0    0
     110  0.3611E+01  0.5405E+01            0    0        0    0
     111  0.3750E+01  0.5612E+01            0    0        0    0
     112  0.3889E+01  0.5820E+01            0    0        0    0
     113  0.3000E+01  0.5196E+01            0    0        1    2
     114  0.3063E+01  0.5304E+01            0    0        0    0
     115  0.3125E+01  0.5413E+01            0    0        0    0
     116  0.3188E+01  0.5521E+01            0    0        0    0
     117  0.3250E+01  0.5629E+01            0    0        0    0
     118  0.3313E+01  0.5737E+01            0    0        0    0
     119  0.3375E+01  0.5846E+01            0    0        0    0
     120  0.3438E+01  0.5954E+01            0    0        0    0
     121  0.3500E+01  0.6062E+01            0    0        0    0
     122  0.2654E+01  0.5381E+01            0    0        1    2
     123  0.2764E+01  0.5605E+01            0    0        0    0
     124  0.2875E+01  0.5830E+01            0    0        0    0
     125  0.2985E+01  0.6054E+01            0    0        0    0
     126  0.3096E+01  0.6278E+01            0    0        0    0
     127  0.2296E+01  0.5543E+01            0    0        1    2
     128  0.2344E+01  0.5659E+01            0    0        0    0
     129  0.2392E+01  0.5774E+01            0    0        0    0
     130  0.2440E+01  0.5890E+01            0    0        0    0
     131  0.2487E+01  0.6005E+01            0    0        0    0
     132  0.2535E+01  0.6121E+01            0    0        0    0
     133  0.2583E+01  0.6236E+01            0    0        0    0
     134  0.2631E+01  0.6352E+01            0    0        0    0
     135  0.2679E+01  0.6467E+01            0    0        0    0
     136  0.1929E+01  0.5682E+01            0    0        1    2
     137  0.2009E+01  0.5918E+01            0    0        0    0
     138  0.2089E+01  0.6155E+01            0    0        0    0
     139  0.2170E+01  0.6392E+01            0    0        0    0
     140  0.2250E+01  0.6629E+01            0    0        0    0
     141  0.1553E+01  0.5796E+01            0    0        1    2
     142  0.1585E+01  0.5916E+01            0    0        0    0
     143  0.1618E+01  0.6037E+01            0    0        0    0
     144  0.1650E+01  0.6158E+01            0    0        0    0
     145  0.1682E+01  0.6279E+01            0    0        0    0
     146  0.1715E+01  0.6399E+01            0    0        0    0
     147  0.1747E+01  0.6520E+01            0    0        0    0
     148  0.1779E+01  0.6641E+01            0    0        0    0
     149  0.1812E+01  0.6761E+01            0    0        0    0
     150  0.1171E+01  0.5885E+01            0    0        1    2
     151  0.1219E+01  0.6130E+01            0    0        0    0
     152  0.1268E+01  0.6375E+01            0    0        0    0
     153  0.1317E+01  0.6620E+01            0    0        0    0
     154  0.1366E+01  0.6865E+01            0    0        0    0
     155  0.7832E+00  0.5949E+01            0    0        1    2
     156  0.7995E+00  0.6073E+01            0    0        0    0
     157  0.8158E+00  0.6197E+01            0    0        0    0
     158  0.8321E+00  0.6320E+01            0    0        0    0
     159  0.8484E+00  0.6444E+01            0    0        0    0
     160  0.8647E+00  0.6568E+01            0    0        0    0
     161  0.8811E+00  0.6692E+01            0    0        0    0
     162  0.8974E+00  0.6816E+01            0    0        0    0
     163  0.9137E+00  0.6940E+01            0    0        0    0
     164  0.3924E+00  0.5987E+01            0    0        1    2
     165  0.4088E+00  0.6237E+01            0    0        0    0
     166  0.4251E+00  0.6486E+01            0    0        0    0
     167  0.4415E+00  0.6736E+01            0    0        0    0
     168  0.4578E+00  0.6985E+01            0    0        0    0
     169  0.0000E+00  0.6000E+01            1    0        1    2
     170  0.0000E+00  0.6125E+01            1    0        0    0
     171  0.0000E+00  0.6250E+01            1    0        0    0
     172  0.0000E+00  0.6375E+01            1    0        0    0
     173  0.0000E+00  0.6500E+01            1    0        0    0
     174  0.0000E+00  0.6625E+01            1    0        0    0
     175  0.0000E+00  0.6750E+01            1    0        0    0
     176  0.0000E+00  0.6875E+01            1    0        0    0
     177  0.0000E+00  0.7000E+01            1    0        0    0
  ______________________________________________________________________


     NUMERICAL INTEGRATION DATA:

        Full quadrature (IPDF x IPDF) rule, IPDF =   3
        Reduced quadrature (IPDR x IPDR),   IPDR =   2
        Quadrature rule used in postproc.,  ISTR =   2


     S O L U T I O N :

  _____________________________________________________________________________

     Node    x-coord.      y-coord.     Value of u   Value of v
  _____________________________________________________________________________

       1   0.60000E+01   0.00000E+00   0.74567E-02   0.00000E+00
       2   0.61250E+01   0.00000E+00   0.73854E-02   0.00000E+00
       3   0.62500E+01   0.00000E+00   0.73166E-02   0.00000E+00
       4   0.63750E+01   0.00000E+00   0.72473E-02   0.00000E+00
       5   0.65000E+01   0.00000E+00   0.71812E-02   0.00000E+00
       6   0.66250E+01   0.00000E+00   0.71179E-02   0.00000E+00
       7   0.67500E+01   0.00000E+00   0.70574E-02   0.00000E+00
       8   0.68750E+01   0.00000E+00   0.69991E-02   0.00000E+00
       9   0.70000E+01   0.00000E+00   0.69429E-02   0.00000E+00
      10   0.59872E+01   0.39242E+00   0.74189E-02   0.40008E-03
      11   0.62366E+01   0.40877E+00   0.72703E-02   0.42182E-03
      12   0.64861E+01   0.42512E+00   0.71366E-02   0.43502E-03
      13   0.67355E+01   0.44147E+00   0.70139E-02   0.44880E-03
      14   0.69850E+01   0.45782E+00   0.69002E-02   0.46704E-03
      15   0.59487E+01   0.78316E+00   0.72768E-02   0.80076E-03
      16   0.60726E+01   0.79947E+00   0.72099E-02   0.81718E-03
      17   0.61965E+01   0.81579E+00   0.71463E-02   0.83104E-03
      18   0.63205E+01   0.83210E+00   0.70805E-02   0.84451E-03
      19   0.64444E+01   0.84842E+00   0.70171E-02   0.85732E-03
      20   0.65683E+01   0.86474E+00   0.69549E-02   0.86984E-03
      21   0.66923E+01   0.88105E+00   0.68949E-02   0.88333E-03
      22   0.68162E+01   0.89737E+00   0.68364E-02   0.89830E-03
      23   0.69401E+01   0.91368E+00   0.67799E-02   0.91573E-03
      24   0.58847E+01   0.11705E+01   0.71502E-02   0.12102E-02
      25   0.61299E+01   0.12193E+01   0.69896E-02   0.12393E-02
      26   0.63751E+01   0.12681E+01   0.68492E-02   0.12676E-02
      27   0.66203E+01   0.13169E+01   0.67219E-02   0.12988E-02
      28   0.68655E+01   0.13656E+01   0.66046E-02   0.13362E-02
      29   0.57956E+01   0.15529E+01   0.69135E-02   0.16012E-02
      30   0.59163E+01   0.15853E+01   0.68409E-02   0.16175E-02
      31   0.60370E+01   0.16176E+01   0.67726E-02   0.16333E-02
      32   0.61578E+01   0.16500E+01   0.67017E-02   0.16471E-02
      33   0.62785E+01   0.16823E+01   0.66344E-02   0.16615E-02
      34   0.63993E+01   0.17147E+01   0.65685E-02   0.16763E-02
      35   0.65200E+01   0.17470E+01   0.65056E-02   0.16923E-02
      36   0.66407E+01   0.17794E+01   0.64447E-02   0.17102E-02
      37   0.67615E+01   0.18117E+01   0.63862E-02   0.17301E-02
      38   0.56816E+01   0.19286E+01   0.67087E-02   0.20039E-02
      39   0.59183E+01   0.20090E+01   0.65388E-02   0.20199E-02
      40   0.61550E+01   0.20894E+01   0.63916E-02   0.20396E-02
      41   0.63918E+01   0.21697E+01   0.62593E-02   0.20646E-02
      42   0.66285E+01   0.22501E+01   0.61384E-02   0.20969E-02
      43   0.55433E+01   0.22961E+01   0.64098E-02   0.23753E-02
      44   0.56588E+01   0.23439E+01   0.63339E-02   0.23815E-02
      45   0.57742E+01   0.23918E+01   0.62628E-02   0.23882E-02
      46   0.58897E+01   0.24396E+01   0.61898E-02   0.23932E-02
      47   0.60052E+01   0.24874E+01   0.61207E-02   0.23994E-02
      48   0.61207E+01   0.25353E+01   0.60536E-02   0.24065E-02
      49   0.62362E+01   0.25831E+01   0.59897E-02   0.24153E-02
      50   0.63517E+01   0.26309E+01   0.59282E-02   0.24261E-02
      51   0.64672E+01   0.26788E+01   0.58692E-02   0.24391E-02
      52   0.53812E+01   0.26537E+01   0.61540E-02   0.27654E-02
      53   0.56055E+01   0.27643E+01   0.59842E-02   0.27512E-02
      54   0.58297E+01   0.28749E+01   0.58379E-02   0.27457E-02
      55   0.60539E+01   0.29854E+01   0.57073E-02   0.27480E-02
      56   0.62781E+01   0.30960E+01   0.55889E-02   0.27589E-02
      57   0.51962E+01   0.30000E+01   0.58189E-02   0.31156E-02
      58   0.53044E+01   0.30625E+01   0.57453E-02   0.31047E-02
      59   0.54127E+01   0.31250E+01   0.56766E-02   0.30956E-02
      60   0.55209E+01   0.31875E+01   0.56065E-02   0.30851E-02
      61   0.56292E+01   0.32500E+01   0.55404E-02   0.30765E-02
      62   0.57374E+01   0.33125E+01   0.54766E-02   0.30693E-02
      63   0.58457E+01   0.33750E+01   0.54160E-02   0.30642E-02
      64   0.59539E+01   0.34375E+01   0.53579E-02   0.30614E-02
      65   0.60622E+01   0.35000E+01   0.53026E-02   0.30610E-02
      66   0.49888E+01   0.33334E+01   0.55328E-02   0.34936E-02
      67   0.51967E+01   0.34723E+01   0.53756E-02   0.34398E-02
      68   0.54046E+01   0.36112E+01   0.52414E-02   0.33993E-02
      69   0.56124E+01   0.37501E+01   0.51228E-02   0.33693E-02
      70   0.58203E+01   0.38890E+01   0.50165E-02   0.33493E-02
      71   0.47601E+01   0.36526E+01   0.51791E-02   0.38255E-02
      72   0.48593E+01   0.37287E+01   0.51145E-02   0.37948E-02
      73   0.49585E+01   0.38048E+01   0.50544E-02   0.37670E-02
      74   0.50576E+01   0.38809E+01   0.49932E-02   0.37379E-02
      75   0.51568E+01   0.39569E+01   0.49358E-02   0.37116E-02
      76   0.52560E+01   0.40330E+01   0.48806E-02   0.36871E-02
      77   0.53551E+01   0.41091E+01   0.48286E-02   0.36651E-02
      78   0.54543E+01   0.41852E+01   0.47793E-02   0.36456E-02
      79   0.55535E+01   0.42613E+01   0.47327E-02   0.36287E-02
      80   0.45110E+01   0.39561E+01   0.48750E-02   0.41948E-02
      81   0.46990E+01   0.41209E+01   0.47436E-02   0.40996E-02
      82   0.48870E+01   0.42857E+01   0.46331E-02   0.40219E-02
      83   0.50749E+01   0.44506E+01   0.45372E-02   0.39571E-02
      84   0.52629E+01   0.46154E+01   0.44532E-02   0.39034E-02
      85   0.42426E+01   0.42426E+01   0.45123E-02   0.45123E-02
      86   0.43310E+01   0.43310E+01   0.44626E-02   0.44626E-02
      87   0.44194E+01   0.44194E+01   0.44168E-02   0.44168E-02
      88   0.45078E+01   0.45078E+01   0.43699E-02   0.43699E-02
      89   0.45962E+01   0.45962E+01   0.43264E-02   0.43264E-02
      90   0.46846E+01   0.46846E+01   0.42849E-02   0.42849E-02
      91   0.47730E+01   0.47730E+01   0.42464E-02   0.42464E-02
      92   0.48614E+01   0.48614E+01   0.42105E-02   0.42105E-02
      93   0.49497E+01   0.49497E+01   0.41772E-02   0.41772E-02
      94   0.39561E+01   0.45110E+01   0.41948E-02   0.48750E-02
      95   0.41209E+01   0.46990E+01   0.40996E-02   0.47436E-02
      96   0.42857E+01   0.48870E+01   0.40219E-02   0.46331E-02
      97   0.44506E+01   0.50749E+01   0.39571E-02   0.45372E-02
      98   0.46154E+01   0.52629E+01   0.39034E-02   0.44532E-02
      99   0.36526E+01   0.47601E+01   0.38255E-02   0.51791E-02
     100   0.37287E+01   0.48593E+01   0.37948E-02   0.51145E-02
     101   0.38048E+01   0.49585E+01   0.37670E-02   0.50544E-02
     102   0.38809E+01   0.50576E+01   0.37379E-02   0.49932E-02
     103   0.39569E+01   0.51568E+01   0.37116E-02   0.49358E-02
     104   0.40330E+01   0.52560E+01   0.36871E-02   0.48806E-02
     105   0.41091E+01   0.53551E+01   0.36651E-02   0.48286E-02
     106   0.41852E+01   0.54543E+01   0.36456E-02   0.47793E-02
     107   0.42613E+01   0.55535E+01   0.36287E-02   0.47327E-02
     108   0.33334E+01   0.49888E+01   0.34936E-02   0.55328E-02
     109   0.34723E+01   0.51967E+01   0.34398E-02   0.53756E-02
     110   0.36112E+01   0.54046E+01   0.33993E-02   0.52414E-02
     111   0.37501E+01   0.56124E+01   0.33693E-02   0.51228E-02
     112   0.38890E+01   0.58203E+01   0.33493E-02   0.50165E-02
     113   0.30000E+01   0.51962E+01   0.31156E-02   0.58189E-02
     114   0.30625E+01   0.53044E+01   0.31047E-02   0.57453E-02
     115   0.31250E+01   0.54127E+01   0.30956E-02   0.56766E-02
     116   0.31875E+01   0.55209E+01   0.30851E-02   0.56065E-02
     117   0.32500E+01   0.56292E+01   0.30765E-02   0.55404E-02
     118   0.33125E+01   0.57374E+01   0.30693E-02   0.54766E-02
     119   0.33750E+01   0.58457E+01   0.30642E-02   0.54160E-02
     120   0.34375E+01   0.59539E+01   0.30614E-02   0.53579E-02
     121   0.35000E+01   0.60622E+01   0.30610E-02   0.53026E-02
     122   0.26537E+01   0.53812E+01   0.27654E-02   0.61540E-02
     123   0.27643E+01   0.56055E+01   0.27512E-02   0.59842E-02
     124   0.28749E+01   0.58297E+01   0.27457E-02   0.58379E-02
     125   0.29854E+01   0.60539E+01   0.27480E-02   0.57073E-02
     126   0.30960E+01   0.62781E+01   0.27589E-02   0.55889E-02
     127   0.22961E+01   0.55433E+01   0.23753E-02   0.64098E-02
     128   0.23439E+01   0.56588E+01   0.23815E-02   0.63339E-02
     129   0.23918E+01   0.57742E+01   0.23882E-02   0.62628E-02
     130   0.24396E+01   0.58897E+01   0.23932E-02   0.61898E-02
     131   0.24874E+01   0.60052E+01   0.23994E-02   0.61207E-02
     132   0.25353E+01   0.61207E+01   0.24065E-02   0.60536E-02
     133   0.25831E+01   0.62362E+01   0.24153E-02   0.59897E-02
     134   0.26309E+01   0.63517E+01   0.24261E-02   0.59282E-02
     135   0.26788E+01   0.64672E+01   0.24391E-02   0.58692E-02
     136   0.19286E+01   0.56816E+01   0.20039E-02   0.67087E-02
     137   0.20090E+01   0.59183E+01   0.20199E-02   0.65388E-02
     138   0.20894E+01   0.61550E+01   0.20396E-02   0.63916E-02
     139   0.21697E+01   0.63918E+01   0.20646E-02   0.62593E-02
     140   0.22501E+01   0.66285E+01   0.20969E-02   0.61384E-02
     141   0.15529E+01   0.57956E+01   0.16012E-02   0.69135E-02
     142   0.15853E+01   0.59163E+01   0.16175E-02   0.68409E-02
     143   0.16176E+01   0.60370E+01   0.16333E-02   0.67726E-02
     144   0.16500E+01   0.61578E+01   0.16471E-02   0.67017E-02
     145   0.16823E+01   0.62785E+01   0.16615E-02   0.66344E-02
     146   0.17147E+01   0.63993E+01   0.16763E-02   0.65685E-02
     147   0.17470E+01   0.65200E+01   0.16923E-02   0.65056E-02
     148   0.17794E+01   0.66407E+01   0.17102E-02   0.64447E-02
     149   0.18117E+01   0.67615E+01   0.17301E-02   0.63862E-02
     150   0.11705E+01   0.58847E+01   0.12102E-02   0.71502E-02
     151   0.12193E+01   0.61299E+01   0.12393E-02   0.69896E-02
     152   0.12681E+01   0.63751E+01   0.12676E-02   0.68492E-02
     153   0.13169E+01   0.66203E+01   0.12988E-02   0.67219E-02
     154   0.13656E+01   0.68655E+01   0.13362E-02   0.66046E-02
     155   0.78316E+00   0.59487E+01   0.80076E-03   0.72768E-02
     156   0.79947E+00   0.60726E+01   0.81718E-03   0.72099E-02
     157   0.81579E+00   0.61965E+01   0.83104E-03   0.71463E-02
     158   0.83210E+00   0.63205E+01   0.84451E-03   0.70805E-02
     159   0.84842E+00   0.64444E+01   0.85732E-03   0.70171E-02
     160   0.86474E+00   0.65683E+01   0.86984E-03   0.69549E-02
     161   0.88105E+00   0.66923E+01   0.88333E-03   0.68949E-02
     162   0.89737E+00   0.68162E+01   0.89830E-03   0.68364E-02
     163   0.91368E+00   0.69401E+01   0.91573E-03   0.67799E-02
     164   0.39242E+00   0.59872E+01   0.40008E-03   0.74189E-02
     165   0.40877E+00   0.62366E+01   0.42182E-03   0.72703E-02
     166   0.42512E+00   0.64861E+01   0.43502E-03   0.71366E-02
     167   0.44147E+00   0.67355E+01   0.44880E-03   0.70139E-02
     168   0.45782E+00   0.69850E+01   0.46704E-03   0.69002E-02
     169   0.00000E+00   0.60000E+01   0.00000E+00   0.74567E-02
     170   0.00000E+00   0.61250E+01   0.00000E+00   0.73854E-02
     171   0.00000E+00   0.62500E+01   0.00000E+00   0.73166E-02
     172   0.00000E+00   0.63750E+01   0.00000E+00   0.72473E-02
     173   0.00000E+00   0.65000E+01   0.00000E+00   0.71812E-02
     174   0.00000E+00   0.66250E+01   0.00000E+00   0.71179E-02
     175   0.00000E+00   0.67500E+01   0.00000E+00   0.70574E-02
     176   0.00000E+00   0.68750E+01   0.00000E+00   0.69991E-02
     177   0.00000E+00   0.70000E+01   0.00000E+00   0.69429E-02
  _____________________________________________________________________________

  _________________________________________________________________

     x-coord.     y-coord.     sigma-x      sigma-y     sigma-xy
  _________________________________________________________________

   0.6051E+01   0.1675E+00  -0.6614E+04   0.3204E+05  -0.9554E+03
   0.6021E+01   0.6237E+00  -0.4170E+04   0.3309E+05  -0.4882E+04
   0.6195E+01   0.1715E+00  -0.5454E+04   0.3283E+05  -0.1167E+04
   0.6164E+01   0.6385E+00  -0.3416E+04   0.3291E+05  -0.4610E+04
   0.6300E+01   0.1744E+00  -0.4541E+04   0.3322E+05  -0.1400E+04
   0.6269E+01   0.6494E+00  -0.3098E+04   0.3274E+05  -0.4576E+04
   0.6445E+01   0.1784E+00  -0.3464E+04   0.3350E+05  -0.1356E+04
   0.6413E+01   0.6643E+00  -0.2239E+04   0.3294E+05  -0.4438E+04
   0.6550E+01   0.1814E+00  -0.2679E+04   0.3371E+05  -0.1299E+04
   0.6518E+01   0.6752E+00  -0.1778E+04   0.3300E+05  -0.4330E+04
   0.6695E+01   0.1854E+00  -0.1721E+04   0.3400E+05  -0.1225E+04
   0.6662E+01   0.6901E+00  -0.1010E+04   0.3317E+05  -0.4133E+04
   0.6800E+01   0.1883E+00  -0.1064E+04   0.3425E+05  -0.1129E+04
   0.6767E+01   0.7009E+00  -0.5117E+03   0.3330E+05  -0.3937E+04
   0.6945E+01   0.1923E+00  -0.2628E+03   0.3468E+05  -0.1031E+04
   0.6910E+01   0.7158E+00   0.1874E+03   0.3357E+05  -0.3653E+04
   0.5977E+01   0.9558E+00  -0.4529E+04   0.3357E+05  -0.5340E+04
   0.5888E+01   0.1404E+01  -0.2459E+04   0.3255E+05  -0.1008E+05
   0.6119E+01   0.9786E+00  -0.3458E+04   0.3304E+05  -0.5942E+04
   0.6028E+01   0.1438E+01  -0.1747E+04   0.3219E+05  -0.9468E+04
   0.6224E+01   0.9953E+00  -0.2540E+04   0.3291E+05  -0.6021E+04
   0.6131E+01   0.1462E+01  -0.1268E+04   0.3189E+05  -0.9143E+04
   0.6366E+01   0.1018E+01  -0.1808E+04   0.3256E+05  -0.6081E+04
   0.6271E+01   0.1496E+01  -0.5413E+03   0.3151E+05  -0.8777E+04
   0.6471E+01   0.1035E+01  -0.1168E+04   0.3246E+05  -0.6012E+04
   0.6374E+01   0.1520E+01  -0.3787E+02   0.3126E+05  -0.8503E+04
   0.6613E+01   0.1058E+01  -0.5019E+03   0.3235E+05  -0.5818E+04
   0.6514E+01   0.1554E+01   0.5868E+03   0.3093E+05  -0.8133E+04
   0.6717E+01   0.1074E+01  -0.8743E+01   0.3230E+05  -0.5638E+04
   0.6617E+01   0.1578E+01   0.1024E+04   0.3074E+05  -0.7848E+04
   0.6860E+01   0.1097E+01   0.5557E+03   0.3223E+05  -0.5265E+04
   0.6758E+01   0.1612E+01   0.1580E+04   0.3053E+05  -0.7431E+04
   0.5801E+01   0.1728E+01  -0.2318E+04   0.3302E+05  -0.1049E+05
   0.5654E+01   0.2161E+01   0.8953E+03   0.3057E+05  -0.1473E+05
   0.5939E+01   0.1769E+01  -0.1118E+04   0.3194E+05  -0.1062E+05
   0.5789E+01   0.2212E+01   0.1352E+04   0.3002E+05  -0.1379E+05
   0.6041E+01   0.1799E+01  -0.4118E+03   0.3131E+05  -0.1055E+05
   0.5888E+01   0.2250E+01   0.1728E+04   0.2956E+05  -0.1323E+05
   0.6179E+01   0.1840E+01   0.4150E+03   0.3066E+05  -0.1027E+05
   0.6022E+01   0.2301E+01   0.2277E+04   0.2891E+05  -0.1257E+05
   0.6280E+01   0.1871E+01   0.8938E+03   0.3023E+05  -0.1002E+05
   0.6121E+01   0.2339E+01   0.2654E+04   0.2846E+05  -0.1212E+05
   0.6419E+01   0.1912E+01   0.1521E+04   0.2977E+05  -0.9613E+04
   0.6256E+01   0.2391E+01   0.3124E+04   0.2788E+05  -0.1152E+05
   0.6520E+01   0.1942E+01   0.1898E+04   0.2946E+05  -0.9277E+04
   0.6355E+01   0.2428E+01   0.3439E+04   0.2751E+05  -0.1109E+05
   0.6658E+01   0.1983E+01   0.2376E+04   0.2905E+05  -0.8799E+04
   0.6489E+01   0.2480E+01   0.3831E+04   0.2706E+05  -0.1050E+05
   0.5526E+01   0.2470E+01   0.1206E+04   0.3078E+05  -0.1513E+05
   0.5324E+01   0.2880E+01   0.5438E+04   0.2708E+05  -0.1849E+05
   0.5658E+01   0.2529E+01   0.2307E+04   0.2937E+05  -0.1478E+05
   0.5451E+01   0.2949E+01   0.5519E+04   0.2656E+05  -0.1726E+05
   0.5754E+01   0.2572E+01   0.2928E+04   0.2857E+05  -0.1441E+05
   0.5544E+01   0.2999E+01   0.5670E+04   0.2609E+05  -0.1649E+05
   0.5886E+01   0.2631E+01   0.3553E+04   0.2768E+05  -0.1380E+05
   0.5670E+01   0.3068E+01   0.5948E+04   0.2539E+05  -0.1556E+05
   0.5982E+01   0.2674E+01   0.3941E+04   0.2713E+05  -0.1334E+05
   0.5763E+01   0.3118E+01   0.6141E+04   0.2489E+05  -0.1492E+05
   0.6114E+01   0.2733E+01   0.4368E+04   0.2646E+05  -0.1268E+05
   0.5890E+01   0.3187E+01   0.6382E+04   0.2424E+05  -0.1410E+05
   0.6211E+01   0.2776E+01   0.4632E+04   0.2601E+05  -0.1220E+05
   0.5983E+01   0.3237E+01   0.6536E+04   0.2380E+05  -0.1352E+05
   0.6342E+01   0.2835E+01   0.4923E+04   0.2544E+05  -0.1153E+05
   0.6110E+01   0.3306E+01   0.6716E+04   0.2325E+05  -0.1275E+05
   0.5156E+01   0.3170E+01   0.5846E+04   0.2702E+05  -0.1882E+05
   0.4902E+01   0.3550E+01   0.1080E+05   0.2239E+05  -0.2097E+05
   0.5279E+01   0.3246E+01   0.6703E+04   0.2559E+05  -0.1799E+05
   0.5019E+01   0.3635E+01   0.1043E+05   0.2210E+05  -0.1957E+05
   0.5369E+01   0.3301E+01   0.7123E+04   0.2477E+05  -0.1734E+05
   0.5105E+01   0.3697E+01   0.1030E+05   0.2177E+05  -0.1866E+05
   0.5492E+01   0.3377E+01   0.7492E+04   0.2389E+05  -0.1643E+05
   0.5222E+01   0.3782E+01   0.1024E+05   0.2120E+05  -0.1753E+05
   0.5582E+01   0.3432E+01   0.7686E+04   0.2332E+05  -0.1577E+05
   0.5307E+01   0.3844E+01   0.1021E+05   0.2078E+05  -0.1676E+05
   0.5705E+01   0.3508E+01   0.7874E+04   0.2263E+05  -0.1490E+05
   0.5424E+01   0.3928E+01   0.1017E+05   0.2021E+05  -0.1577E+05
   0.5795E+01   0.3563E+01   0.7966E+04   0.2217E+05  -0.1427E+05
   0.5510E+01   0.3990E+01   0.1013E+05   0.1982E+05  -0.1507E+05
   0.5918E+01   0.3639E+01   0.8045E+04   0.2157E+05  -0.1344E+05
   0.5626E+01   0.4075E+01   0.1007E+05   0.1931E+05  -0.1417E+05
   0.4698E+01   0.3816E+01   0.1125E+05   0.2212E+05  -0.2115E+05
   0.4397E+01   0.4160E+01   0.1654E+05   0.1694E+05  -0.2189E+05
   0.4810E+01   0.3907E+01   0.1174E+05   0.2090E+05  -0.1996E+05
   0.4502E+01   0.4259E+01   0.1570E+05   0.1702E+05  -0.2050E+05
   0.4892E+01   0.3974E+01   0.1191E+05   0.2023E+05  -0.1911E+05
   0.4578E+01   0.4332E+01   0.1527E+05   0.1691E+05  -0.1956E+05
   0.5004E+01   0.4065E+01   0.1194E+05   0.1951E+05  -0.1798E+05
   0.4683E+01   0.4431E+01   0.1486E+05   0.1662E+05  -0.1836E+05
   0.5086E+01   0.4131E+01   0.1191E+05   0.1906E+05  -0.1720E+05
   0.4760E+01   0.4504E+01   0.1460E+05   0.1637E+05  -0.1753E+05
   0.5198E+01   0.4222E+01   0.1182E+05   0.1850E+05  -0.1617E+05
   0.4865E+01   0.4603E+01   0.1428E+05   0.1600E+05  -0.1647E+05
   0.5280E+01   0.4289E+01   0.1173E+05   0.1812E+05  -0.1546E+05
   0.4942E+01   0.4675E+01   0.1405E+05   0.1573E+05  -0.1572E+05
   0.5392E+01   0.4380E+01   0.1157E+05   0.1763E+05  -0.1451E+05
   0.5046E+01   0.4775E+01   0.1375E+05   0.1537E+05  -0.1476E+05
   0.4160E+01   0.4397E+01   0.1694E+05   0.1654E+05  -0.2189E+05
   0.3816E+01   0.4698E+01   0.2212E+05   0.1125E+05  -0.2115E+05
   0.4259E+01   0.4502E+01   0.1702E+05   0.1570E+05  -0.2050E+05
   0.3907E+01   0.4810E+01   0.2090E+05   0.1174E+05  -0.1996E+05
   0.4332E+01   0.4578E+01   0.1691E+05   0.1527E+05  -0.1956E+05
   0.3974E+01   0.4892E+01   0.2023E+05   0.1191E+05  -0.1911E+05
   0.4431E+01   0.4683E+01   0.1662E+05   0.1486E+05  -0.1836E+05
   0.4065E+01   0.5004E+01   0.1951E+05   0.1194E+05  -0.1798E+05
   0.4504E+01   0.4760E+01   0.1637E+05   0.1460E+05  -0.1753E+05
   0.4131E+01   0.5086E+01   0.1906E+05   0.1191E+05  -0.1720E+05
   0.4603E+01   0.4865E+01   0.1600E+05   0.1428E+05  -0.1647E+05
   0.4222E+01   0.5198E+01   0.1850E+05   0.1182E+05  -0.1617E+05
   0.4675E+01   0.4942E+01   0.1573E+05   0.1405E+05  -0.1572E+05
   0.4289E+01   0.5280E+01   0.1812E+05   0.1173E+05  -0.1546E+05
   0.4775E+01   0.5046E+01   0.1537E+05   0.1375E+05  -0.1476E+05
   0.4380E+01   0.5392E+01   0.1763E+05   0.1157E+05  -0.1451E+05
   0.3550E+01   0.4902E+01   0.2239E+05   0.1080E+05  -0.2097E+05
   0.3170E+01   0.5156E+01   0.2702E+05   0.5846E+04  -0.1882E+05
   0.3635E+01   0.5019E+01   0.2210E+05   0.1043E+05  -0.1957E+05
   0.3246E+01   0.5279E+01   0.2559E+05   0.6703E+04  -0.1799E+05
   0.3697E+01   0.5105E+01   0.2177E+05   0.1030E+05  -0.1866E+05
   0.3301E+01   0.5369E+01   0.2477E+05   0.7123E+04  -0.1734E+05
   0.3782E+01   0.5222E+01   0.2120E+05   0.1024E+05  -0.1753E+05
   0.3377E+01   0.5492E+01   0.2389E+05   0.7492E+04  -0.1643E+05
   0.3844E+01   0.5307E+01   0.2078E+05   0.1021E+05  -0.1676E+05
   0.3432E+01   0.5582E+01   0.2332E+05   0.7686E+04  -0.1577E+05
   0.3928E+01   0.5424E+01   0.2021E+05   0.1017E+05  -0.1577E+05
   0.3508E+01   0.5705E+01   0.2263E+05   0.7874E+04  -0.1490E+05
   0.3990E+01   0.5510E+01   0.1982E+05   0.1013E+05  -0.1507E+05
   0.3563E+01   0.5795E+01   0.2217E+05   0.7966E+04  -0.1427E+05
   0.4075E+01   0.5626E+01   0.1931E+05   0.1007E+05  -0.1417E+05
   0.3639E+01   0.5918E+01   0.2157E+05   0.8045E+04  -0.1344E+05
   0.2880E+01   0.5324E+01   0.2708E+05   0.5438E+04  -0.1849E+05
   0.2470E+01   0.5526E+01   0.3078E+05   0.1206E+04  -0.1513E+05
   0.2949E+01   0.5451E+01   0.2656E+05   0.5519E+04  -0.1726E+05
   0.2529E+01   0.5658E+01   0.2937E+05   0.2307E+04  -0.1478E+05
   0.2999E+01   0.5544E+01   0.2609E+05   0.5670E+04  -0.1649E+05
   0.2572E+01   0.5754E+01   0.2857E+05   0.2928E+04  -0.1441E+05
   0.3068E+01   0.5670E+01   0.2539E+05   0.5948E+04  -0.1556E+05
   0.2631E+01   0.5886E+01   0.2768E+05   0.3553E+04  -0.1380E+05
   0.3118E+01   0.5763E+01   0.2489E+05   0.6141E+04  -0.1492E+05
   0.2674E+01   0.5982E+01   0.2713E+05   0.3941E+04  -0.1334E+05
   0.3187E+01   0.5890E+01   0.2424E+05   0.6382E+04  -0.1410E+05
   0.2733E+01   0.6114E+01   0.2646E+05   0.4368E+04  -0.1268E+05
   0.3237E+01   0.5983E+01   0.2380E+05   0.6536E+04  -0.1352E+05
   0.2776E+01   0.6211E+01   0.2601E+05   0.4632E+04  -0.1220E+05
   0.3306E+01   0.6110E+01   0.2325E+05   0.6716E+04  -0.1275E+05
   0.2835E+01   0.6342E+01   0.2544E+05   0.4923E+04  -0.1153E+05
   0.2161E+01   0.5654E+01   0.3057E+05   0.8953E+03  -0.1473E+05
   0.1728E+01   0.5801E+01   0.3302E+05  -0.2318E+04  -0.1049E+05
   0.2212E+01   0.5789E+01   0.3002E+05   0.1352E+04  -0.1379E+05
   0.1769E+01   0.5939E+01   0.3194E+05  -0.1118E+04  -0.1062E+05
   0.2250E+01   0.5888E+01   0.2956E+05   0.1728E+04  -0.1323E+05
   0.1799E+01   0.6041E+01   0.3131E+05  -0.4118E+03  -0.1055E+05
   0.2301E+01   0.6022E+01   0.2891E+05   0.2277E+04  -0.1257E+05
   0.1840E+01   0.6179E+01   0.3066E+05   0.4150E+03  -0.1027E+05
   0.2339E+01   0.6121E+01   0.2846E+05   0.2654E+04  -0.1212E+05
   0.1871E+01   0.6280E+01   0.3023E+05   0.8938E+03  -0.1002E+05
   0.2391E+01   0.6256E+01   0.2788E+05   0.3124E+04  -0.1152E+05
   0.1912E+01   0.6419E+01   0.2977E+05   0.1521E+04  -0.9613E+04
   0.2428E+01   0.6355E+01   0.2751E+05   0.3439E+04  -0.1109E+05
   0.1942E+01   0.6520E+01   0.2946E+05   0.1898E+04  -0.9277E+04
   0.2480E+01   0.6489E+01   0.2706E+05   0.3831E+04  -0.1050E+05
   0.1983E+01   0.6658E+01   0.2905E+05   0.2376E+04  -0.8799E+04
   0.1404E+01   0.5888E+01   0.3255E+05  -0.2459E+04  -0.1008E+05
   0.9558E+00   0.5977E+01   0.3357E+05  -0.4529E+04  -0.5340E+04
   0.1438E+01   0.6028E+01   0.3219E+05  -0.1747E+04  -0.9468E+04
   0.9786E+00   0.6119E+01   0.3304E+05  -0.3458E+04  -0.5942E+04
   0.1462E+01   0.6131E+01   0.3189E+05  -0.1268E+04  -0.9143E+04
   0.9953E+00   0.6224E+01   0.3291E+05  -0.2540E+04  -0.6021E+04
   0.1496E+01   0.6271E+01   0.3151E+05  -0.5413E+03  -0.8777E+04
   0.1018E+01   0.6366E+01   0.3256E+05  -0.1808E+04  -0.6081E+04
   0.1520E+01   0.6374E+01   0.3126E+05  -0.3787E+02  -0.8503E+04
   0.1035E+01   0.6471E+01   0.3246E+05  -0.1168E+04  -0.6012E+04
   0.1554E+01   0.6514E+01   0.3093E+05   0.5868E+03  -0.8133E+04
   0.1058E+01   0.6613E+01   0.3235E+05  -0.5019E+03  -0.5818E+04
   0.1578E+01   0.6617E+01   0.3074E+05   0.1024E+04  -0.7848E+04
   0.1074E+01   0.6717E+01   0.3230E+05  -0.8743E+01  -0.5638E+04
   0.1612E+01   0.6758E+01   0.3053E+05   0.1580E+04  -0.7431E+04
   0.1097E+01   0.6860E+01   0.3223E+05   0.5557E+03  -0.5265E+04
   0.6237E+00   0.6021E+01   0.3309E+05  -0.4170E+04  -0.4882E+04
   0.1675E+00   0.6051E+01   0.3204E+05  -0.6614E+04  -0.9554E+03
   0.6385E+00   0.6164E+01   0.3291E+05  -0.3416E+04  -0.4610E+04
   0.1715E+00   0.6195E+01   0.3283E+05  -0.5454E+04  -0.1167E+04
   0.6494E+00   0.6269E+01   0.3274E+05  -0.3098E+04  -0.4576E+04
   0.1744E+00   0.6300E+01   0.3322E+05  -0.4541E+04  -0.1400E+04
   0.6643E+00   0.6413E+01   0.3294E+05  -0.2239E+04  -0.4438E+04
   0.1784E+00   0.6445E+01   0.3350E+05  -0.3464E+04  -0.1356E+04
   0.6752E+00   0.6518E+01   0.3300E+05  -0.1778E+04  -0.4330E+04
   0.1814E+00   0.6550E+01   0.3371E+05  -0.2679E+04  -0.1299E+04
   0.6901E+00   0.6662E+01   0.3317E+05  -0.1010E+04  -0.4133E+04
   0.1854E+00   0.6695E+01   0.3400E+05  -0.1721E+04  -0.1225E+04
   0.7009E+00   0.6767E+01   0.3330E+05  -0.5117E+03  -0.3937E+04
   0.1883E+00   0.6800E+01   0.3425E+05  -0.1064E+04  -0.1129E+04
   0.7158E+00   0.6910E+01   0.3357E+05   0.1874E+03  -0.3653E+04
   0.1923E+00   0.6945E+01   0.3468E+05  -0.2628E+03  -0.1031E+04
  _________________________________________________________________

Stop - Program terminated.
